{"/Users/yanguangchen/Documents/GitHub/DocuAlign/src/App.jsx": {"path":"/Users/yanguangchen/Documents/GitHub/DocuAlign/src/App.jsx","statementMap":{"0":{"start":{"line":3,"column":25},"end":{"line":3,"column":null}},"1":{"start":{"line":6,"column":2},"end":{"line":6,"column":null}},"2":{"start":{"line":6,"column":20},"end":{"line":6,"column":null}},"3":{"start":{"line":7,"column":2},"end":{"line":7,"column":null}},"4":{"start":{"line":7,"column":27},"end":{"line":7,"column":null}},"5":{"start":{"line":8,"column":2},"end":{"line":8,"column":null}},"6":{"start":{"line":12,"column":15},"end":{"line":12,"column":null}},"7":{"start":{"line":13,"column":2},"end":{"line":13,"column":null}},"8":{"start":{"line":13,"column":46},"end":{"line":13,"column":70}},"9":{"start":{"line":17,"column":2},"end":{"line":21,"column":null}},"10":{"start":{"line":26,"column":2},"end":{"line":30,"column":null}},"11":{"start":{"line":35,"column":8},"end":{"line":35,"column":null}},"12":{"start":{"line":36,"column":22},"end":{"line":36,"column":null}},"13":{"start":{"line":37,"column":34},"end":{"line":37,"column":null}},"14":{"start":{"line":38,"column":28},"end":{"line":38,"column":null}},"15":{"start":{"line":41,"column":4},"end":{"line":41,"column":null}},"16":{"start":{"line":41,"column":19},"end":{"line":41,"column":null}},"17":{"start":{"line":43,"column":4},"end":{"line":47,"column":null}},"18":{"start":{"line":44,"column":6},"end":{"line":44,"column":null}},"19":{"start":{"line":45,"column":6},"end":{"line":45,"column":null}},"20":{"start":{"line":46,"column":6},"end":{"line":46,"column":null}},"21":{"start":{"line":49,"column":4},"end":{"line":49,"column":null}},"22":{"start":{"line":50,"column":4},"end":{"line":50,"column":null}},"23":{"start":{"line":54,"column":4},"end":{"line":54,"column":null}},"24":{"start":{"line":55,"column":4},"end":{"line":55,"column":null}},"25":{"start":{"line":56,"column":4},"end":{"line":56,"column":null}},"26":{"start":{"line":60,"column":4},"end":{"line":60,"column":null}},"27":{"start":{"line":61,"column":4},"end":{"line":61,"column":null}},"28":{"start":{"line":62,"column":4},"end":{"line":62,"column":null}},"29":{"start":{"line":66,"column":4},"end":{"line":66,"column":null}},"30":{"start":{"line":69,"column":2},"end":{"line":165,"column":null}},"31":{"start":{"line":95,"column":14},"end":{"line":95,"column":null}},"32":{"start":{"line":96,"column":14},"end":{"line":96,"column":null}},"33":{"start":{"line":98,"column":35},"end":{"line":98,"column":null}},"34":{"start":{"line":100,"column":14},"end":{"line":102,"column":null}},"35":{"start":{"line":101,"column":16},"end":{"line":101,"column":null}},"36":{"start":{"line":111,"column":35},"end":{"line":111,"column":null}},"37":{"start":{"line":122,"column":79},"end":{"line":122,"column":106}}},"fnMap":{"0":{"name":"formatFileSize","decl":{"start":{"line":5,"column":9},"end":{"line":5,"column":24}},"loc":{"start":{"line":5,"column":31},"end":{"line":9,"column":null}},"line":5},"1":{"name":"isExcelFile","decl":{"start":{"line":11,"column":9},"end":{"line":11,"column":21}},"loc":{"start":{"line":11,"column":27},"end":{"line":14,"column":null}},"line":11},"2":{"name":"(anonymous_2)","decl":{"start":{"line":13,"column":31},"end":{"line":13,"column":32}},"loc":{"start":{"line":13,"column":46},"end":{"line":13,"column":70}},"line":13},"3":{"name":"CloudIcon","decl":{"start":{"line":16,"column":9},"end":{"line":16,"column":21}},"loc":{"start":{"line":16,"column":21},"end":{"line":23,"column":null}},"line":16},"4":{"name":"FileIcon","decl":{"start":{"line":25,"column":9},"end":{"line":25,"column":20}},"loc":{"start":{"line":25,"column":20},"end":{"line":32,"column":null}},"line":25},"5":{"name":"App","decl":{"start":{"line":34,"column":9},"end":{"line":34,"column":15}},"loc":{"start":{"line":34,"column":15},"end":{"line":167,"column":null}},"line":34},"6":{"name":"selectFile","decl":{"start":{"line":40,"column":11},"end":{"line":40,"column":22}},"loc":{"start":{"line":40,"column":32},"end":{"line":51,"column":null}},"line":40},"7":{"name":"handleDrop","decl":{"start":{"line":53,"column":11},"end":{"line":53,"column":22}},"loc":{"start":{"line":53,"column":29},"end":{"line":57,"column":null}},"line":53},"8":{"name":"removeFile","decl":{"start":{"line":59,"column":11},"end":{"line":59,"column":24}},"loc":{"start":{"line":59,"column":24},"end":{"line":63,"column":null}},"line":59},"9":{"name":"handleCloudSave","decl":{"start":{"line":65,"column":11},"end":{"line":65,"column":29}},"loc":{"start":{"line":65,"column":29},"end":{"line":67,"column":null}},"line":65},"10":{"name":"(anonymous_10)","decl":{"start":{"line":94,"column":25},"end":{"line":94,"column":26}},"loc":{"start":{"line":94,"column":36},"end":{"line":97,"column":null}},"line":94},"11":{"name":"(anonymous_11)","decl":{"start":{"line":98,"column":24},"end":{"line":98,"column":25}},"loc":{"start":{"line":98,"column":35},"end":{"line":98,"column":null}},"line":98},"12":{"name":"(anonymous_12)","decl":{"start":{"line":99,"column":25},"end":{"line":99,"column":26}},"loc":{"start":{"line":99,"column":36},"end":{"line":103,"column":null}},"line":99},"13":{"name":"(anonymous_13)","decl":{"start":{"line":111,"column":24},"end":{"line":111,"column":25}},"loc":{"start":{"line":111,"column":35},"end":{"line":111,"column":null}},"line":111},"14":{"name":"(anonymous_14)","decl":{"start":{"line":122,"column":73},"end":{"line":122,"column":79}},"loc":{"start":{"line":122,"column":79},"end":{"line":122,"column":106}},"line":122}},"branchMap":{"0":{"loc":{"start":{"line":6,"column":2},"end":{"line":6,"column":null}},"type":"if","locations":[{"start":{"line":6,"column":2},"end":{"line":6,"column":null}},{"start":{},"end":{}}],"line":6},"1":{"loc":{"start":{"line":7,"column":2},"end":{"line":7,"column":null}},"type":"if","locations":[{"start":{"line":7,"column":2},"end":{"line":7,"column":null}},{"start":{},"end":{}}],"line":7},"2":{"loc":{"start":{"line":41,"column":4},"end":{"line":41,"column":null}},"type":"if","locations":[{"start":{"line":41,"column":4},"end":{"line":41,"column":null}},{"start":{},"end":{}}],"line":41},"3":{"loc":{"start":{"line":43,"column":4},"end":{"line":47,"column":null}},"type":"if","locations":[{"start":{"line":43,"column":4},"end":{"line":47,"column":null}},{"start":{},"end":{}}],"line":43},"4":{"loc":{"start":{"line":93,"column":35},"end":{"line":93,"column":66}},"type":"cond-expr","locations":[{"start":{"line":93,"column":48},"end":{"line":93,"column":64}},{"start":{"line":93,"column":64},"end":{"line":93,"column":66}}],"line":93},"5":{"loc":{"start":{"line":93,"column":70},"end":{"line":93,"column":92}},"type":"cond-expr","locations":[{"start":{"line":93,"column":77},"end":{"line":93,"column":90}},{"start":{"line":93,"column":90},"end":{"line":93,"column":92}}],"line":93},"6":{"loc":{"start":{"line":100,"column":14},"end":{"line":102,"column":null}},"type":"if","locations":[{"start":{"line":100,"column":14},"end":{"line":102,"column":null}},{"start":{},"end":{}}],"line":100},"7":{"loc":{"start":{"line":114,"column":13},"end":{"line":136,"column":null}},"type":"cond-expr","locations":[{"start":{"line":115,"column":14},"end":{"line":129,"column":null}},{"start":{"line":131,"column":14},"end":{"line":136,"column":null}}],"line":114},"8":{"loc":{"start":{"line":133,"column":25},"end":{"line":133,"column":98}},"type":"cond-expr","locations":[{"start":{"line":133,"column":38},"end":{"line":133,"column":66}},{"start":{"line":133,"column":66},"end":{"line":133,"column":98}}],"line":133},"9":{"loc":{"start":{"line":141,"column":26},"end":{"line":141,"column":72}},"type":"cond-expr","locations":[{"start":{"line":141,"column":36},"end":{"line":141,"column":60}},{"start":{"line":141,"column":60},"end":{"line":141,"column":72}}],"line":141},"10":{"loc":{"start":{"line":142,"column":15},"end":{"line":142,"column":null}},"type":"binary-expr","locations":[{"start":{"line":142,"column":15},"end":{"line":142,"column":26}},{"start":{"line":142,"column":26},"end":{"line":142,"column":null}}],"line":142}},"s":{"0":1,"1":7,"2":4,"3":3,"4":3,"5":1,"6":7,"7":7,"8":9,"9":35,"10":7,"11":21,"12":21,"13":21,"14":21,"15":8,"16":1,"17":7,"18":1,"19":1,"20":1,"21":6,"22":6,"23":1,"24":1,"25":1,"26":1,"27":1,"28":1,"29":1,"30":21,"31":2,"32":2,"33":1,"34":2,"35":1,"36":7,"37":1},"f":{"0":7,"1":7,"2":9,"3":35,"4":7,"5":21,"6":8,"7":1,"8":1,"9":1,"10":2,"11":1,"12":2,"13":7,"14":1},"b":{"0":[4,3],"1":[2,1],"2":[1,7],"3":[1,6],"4":[2,19],"5":[7,14],"6":[1,1],"7":[7,14],"8":[2,12],"9":[2,19],"10":[21,19]},"meta":{"lastBranch":11,"lastFunction":15,"lastStatement":38,"seen":{"s:3:25:3:Infinity":0,"f:5:9:5:24":0,"b:6:2:6:Infinity:undefined:undefined:undefined:undefined":0,"s:6:2:6:Infinity":1,"s:6:20:6:Infinity":2,"b:7:2:7:Infinity:undefined:undefined:undefined:undefined":1,"s:7:2:7:Infinity":3,"s:7:27:7:Infinity":4,"s:8:2:8:Infinity":5,"f:11:9:11:21":1,"s:12:15:12:Infinity":6,"s:13:2:13:Infinity":7,"f:13:31:13:32":2,"s:13:46:13:70":8,"f:16:9:16:21":3,"s:17:2:21:Infinity":9,"f:25:9:25:20":4,"s:26:2:30:Infinity":10,"f:34:9:34:15":5,"s:35:8:35:Infinity":11,"s:36:22:36:Infinity":12,"s:37:34:37:Infinity":13,"s:38:28:38:Infinity":14,"f:40:11:40:22":6,"b:41:4:41:Infinity:undefined:undefined:undefined:undefined":2,"s:41:4:41:Infinity":15,"s:41:19:41:Infinity":16,"b:43:4:47:Infinity:undefined:undefined:undefined:undefined":3,"s:43:4:47:Infinity":17,"s:44:6:44:Infinity":18,"s:45:6:45:Infinity":19,"s:46:6:46:Infinity":20,"s:49:4:49:Infinity":21,"s:50:4:50:Infinity":22,"f:53:11:53:22":7,"s:54:4:54:Infinity":23,"s:55:4:55:Infinity":24,"s:56:4:56:Infinity":25,"f:59:11:59:24":8,"s:60:4:60:Infinity":26,"s:61:4:61:Infinity":27,"s:62:4:62:Infinity":28,"f:65:11:65:29":9,"s:66:4:66:Infinity":29,"s:69:2:165:Infinity":30,"b:93:48:93:64:93:64:93:66":4,"b:93:77:93:90:93:90:93:92":5,"f:94:25:94:26":10,"s:95:14:95:Infinity":31,"s:96:14:96:Infinity":32,"f:98:24:98:25":11,"s:98:35:98:Infinity":33,"f:99:25:99:26":12,"b:100:14:102:Infinity:undefined:undefined:undefined:undefined":6,"s:100:14:102:Infinity":34,"s:101:16:101:Infinity":35,"f:111:24:111:25":13,"s:111:35:111:Infinity":36,"b:115:14:129:Infinity:131:14:136:Infinity":7,"f:122:73:122:79":14,"s:122:79:122:106":37,"b:133:38:133:66:133:66:133:98":8,"b:141:36:141:60:141:60:141:72":9,"b:142:15:142:26:142:26:142:Infinity":10},"fnNames":{}}}
,"/Users/yanguangchen/Documents/GitHub/DocuAlign/src/auth-gate.js": {"path":"/Users/yanguangchen/Documents/GitHub/DocuAlign/src/auth-gate.js","statementMap":{"0":{"start":{"line":12,"column":17},"end":{"line":12,"column":53}},"1":{"start":{"line":13,"column":21},"end":{"line":13,"column":61}},"2":{"start":{"line":14,"column":21},"end":{"line":14,"column":62}},"3":{"start":{"line":15,"column":22},"end":{"line":15,"column":57}},"4":{"start":{"line":16,"column":20},"end":{"line":16,"column":59}},"5":{"start":{"line":17,"column":18},"end":{"line":17,"column":60}},"6":{"start":{"line":18,"column":17},"end":{"line":18,"column":41}},"7":{"start":{"line":20,"column":0},"end":{"line":20,"column":null}},"8":{"start":{"line":23,"column":2},"end":{"line":23,"column":null}},"9":{"start":{"line":24,"column":2},"end":{"line":24,"column":null}},"10":{"start":{"line":25,"column":2},"end":{"line":25,"column":null}},"11":{"start":{"line":26,"column":2},"end":{"line":26,"column":null}},"12":{"start":{"line":27,"column":2},"end":{"line":27,"column":null}},"13":{"start":{"line":31,"column":2},"end":{"line":31,"column":null}},"14":{"start":{"line":32,"column":2},"end":{"line":32,"column":null}},"15":{"start":{"line":33,"column":2},"end":{"line":33,"column":null}},"16":{"start":{"line":37,"column":2},"end":{"line":37,"column":null}},"17":{"start":{"line":37,"column":28},"end":{"line":37,"column":null}},"18":{"start":{"line":39,"column":2},"end":{"line":45,"column":null}},"19":{"start":{"line":40,"column":4},"end":{"line":40,"column":null}},"20":{"start":{"line":41,"column":4},"end":{"line":41,"column":null}},"21":{"start":{"line":43,"column":4},"end":{"line":43,"column":null}},"22":{"start":{"line":43,"column":45},"end":{"line":43,"column":null}},"23":{"start":{"line":44,"column":4},"end":{"line":44,"column":null}},"24":{"start":{"line":48,"column":0},"end":{"line":64,"column":null}},"25":{"start":{"line":49,"column":2},"end":{"line":49,"column":null}},"26":{"start":{"line":50,"column":2},"end":{"line":50,"column":null}},"27":{"start":{"line":51,"column":2},"end":{"line":51,"column":null}},"28":{"start":{"line":53,"column":2},"end":{"line":63,"column":null}},"29":{"start":{"line":54,"column":4},"end":{"line":54,"column":null}},"30":{"start":{"line":55,"column":4},"end":{"line":55,"column":null}},"31":{"start":{"line":57,"column":4},"end":{"line":60,"column":null}},"32":{"start":{"line":58,"column":6},"end":{"line":58,"column":null}},"33":{"start":{"line":59,"column":6},"end":{"line":59,"column":null}},"34":{"start":{"line":62,"column":4},"end":{"line":62,"column":null}},"35":{"start":{"line":66,"column":0},"end":{"line":73,"column":null}},"36":{"start":{"line":67,"column":2},"end":{"line":67,"column":null}},"37":{"start":{"line":68,"column":2},"end":{"line":72,"column":null}},"38":{"start":{"line":69,"column":4},"end":{"line":69,"column":null}},"39":{"start":{"line":71,"column":4},"end":{"line":71,"column":null}},"40":{"start":{"line":75,"column":0},"end":{"line":93,"column":null}},"41":{"start":{"line":76,"column":2},"end":{"line":79,"column":null}},"42":{"start":{"line":77,"column":4},"end":{"line":77,"column":null}},"43":{"start":{"line":78,"column":4},"end":{"line":78,"column":null}},"44":{"start":{"line":81,"column":2},"end":{"line":92,"column":null}},"45":{"start":{"line":82,"column":4},"end":{"line":86,"column":null}},"46":{"start":{"line":83,"column":6},"end":{"line":83,"column":null}},"47":{"start":{"line":84,"column":6},"end":{"line":84,"column":null}},"48":{"start":{"line":85,"column":6},"end":{"line":85,"column":null}},"49":{"start":{"line":88,"column":4},"end":{"line":88,"column":null}},"50":{"start":{"line":90,"column":4},"end":{"line":90,"column":null}},"51":{"start":{"line":91,"column":4},"end":{"line":91,"column":null}}},"fnMap":{"0":{"name":"showGate","decl":{"start":{"line":22,"column":16},"end":{"line":22,"column":24}},"loc":{"start":{"line":22,"column":108},"end":{"line":28,"column":null}},"line":22},"1":{"name":"showApp","decl":{"start":{"line":30,"column":16},"end":{"line":30,"column":23}},"loc":{"start":{"line":30,"column":30},"end":{"line":34,"column":null}},"line":30},"2":{"name":"hasDocuAlignAccess","decl":{"start":{"line":36,"column":22},"end":{"line":36,"column":40}},"loc":{"start":{"line":36,"column":47},"end":{"line":46,"column":null}},"line":36},"3":{"name":"(anonymous_3)","decl":{"start":{"line":48,"column":39},"end":{"line":48,"column":44}},"loc":{"start":{"line":48,"column":51},"end":{"line":64,"column":1}},"line":48},"4":{"name":"(anonymous_4)","decl":{"start":{"line":66,"column":40},"end":{"line":66,"column":45}},"loc":{"start":{"line":66,"column":52},"end":{"line":73,"column":1}},"line":66},"5":{"name":"(anonymous_5)","decl":{"start":{"line":75,"column":25},"end":{"line":75,"column":30}},"loc":{"start":{"line":75,"column":41},"end":{"line":93,"column":1}},"line":75}},"branchMap":{"0":{"loc":{"start":{"line":22,"column":25},"end":{"line":22,"column":89}},"type":"default-arg","locations":[{"start":{"line":22,"column":35},"end":{"line":22,"column":89}}],"line":22},"1":{"loc":{"start":{"line":22,"column":91},"end":{"line":22,"column":106}},"type":"default-arg","locations":[{"start":{"line":22,"column":101},"end":{"line":22,"column":106}}],"line":22},"2":{"loc":{"start":{"line":37,"column":2},"end":{"line":37,"column":null}},"type":"if","locations":[{"start":{"line":37,"column":2},"end":{"line":37,"column":null}},{"start":{},"end":{}}],"line":37},"3":{"loc":{"start":{"line":43,"column":4},"end":{"line":43,"column":null}},"type":"if","locations":[{"start":{"line":43,"column":4},"end":{"line":43,"column":null}},{"start":{},"end":{}}],"line":43},"4":{"loc":{"start":{"line":57,"column":4},"end":{"line":60,"column":null}},"type":"if","locations":[{"start":{"line":57,"column":4},"end":{"line":60,"column":null}},{"start":{},"end":{}}],"line":57},"5":{"loc":{"start":{"line":76,"column":2},"end":{"line":79,"column":null}},"type":"if","locations":[{"start":{"line":76,"column":2},"end":{"line":79,"column":null}},{"start":{},"end":{}}],"line":76},"6":{"loc":{"start":{"line":82,"column":4},"end":{"line":86,"column":null}},"type":"if","locations":[{"start":{"line":82,"column":4},"end":{"line":86,"column":null}},{"start":{},"end":{}}],"line":82}},"s":{"0":11,"1":11,"2":11,"3":11,"4":11,"5":11,"6":11,"7":11,"8":6,"9":6,"10":6,"11":6,"12":6,"13":2,"14":2,"15":2,"16":8,"17":2,"18":6,"19":6,"20":2,"21":4,"22":2,"23":2,"24":11,"25":3,"26":3,"27":3,"28":3,"29":3,"30":1,"31":2,"32":1,"33":1,"34":1,"35":11,"36":1,"37":1,"38":1,"39":1,"40":11,"41":4,"42":1,"43":1,"44":3,"45":3,"46":1,"47":1,"48":1,"49":1,"50":1,"51":1},"f":{"0":6,"1":2,"2":8,"3":3,"4":1,"5":4},"b":{"0":[6],"1":[6],"2":[2,6],"3":[2,2],"4":[1,1],"5":[1,3],"6":[1,2]},"meta":{"lastBranch":7,"lastFunction":6,"lastStatement":52,"seen":{"s:12:17:12:53":0,"s:13:21:13:61":1,"s:14:21:14:62":2,"s:15:22:15:57":3,"s:16:20:16:59":4,"s:17:18:17:60":5,"s:18:17:18:41":6,"s:20:0:20:Infinity":7,"f:22:16:22:24":0,"b:22:35:22:89":0,"b:22:101:22:106":1,"s:23:2:23:Infinity":8,"s:24:2:24:Infinity":9,"s:25:2:25:Infinity":10,"s:26:2:26:Infinity":11,"s:27:2:27:Infinity":12,"f:30:16:30:23":1,"s:31:2:31:Infinity":13,"s:32:2:32:Infinity":14,"s:33:2:33:Infinity":15,"f:36:22:36:40":2,"b:37:2:37:Infinity:undefined:undefined:undefined:undefined":2,"s:37:2:37:Infinity":16,"s:37:28:37:Infinity":17,"s:39:2:45:Infinity":18,"s:40:4:40:Infinity":19,"s:41:4:41:Infinity":20,"b:43:4:43:Infinity:undefined:undefined:undefined:undefined":3,"s:43:4:43:Infinity":21,"s:43:45:43:Infinity":22,"s:44:4:44:Infinity":23,"s:48:0:64:Infinity":24,"f:48:39:48:44":3,"s:49:2:49:Infinity":25,"s:50:2:50:Infinity":26,"s:51:2:51:Infinity":27,"s:53:2:63:Infinity":28,"s:54:4:54:Infinity":29,"s:55:4:55:Infinity":30,"b:57:4:60:Infinity:undefined:undefined:undefined:undefined":4,"s:57:4:60:Infinity":31,"s:58:6:58:Infinity":32,"s:59:6:59:Infinity":33,"s:62:4:62:Infinity":34,"s:66:0:73:Infinity":35,"f:66:40:66:45":4,"s:67:2:67:Infinity":36,"s:68:2:72:Infinity":37,"s:69:4:69:Infinity":38,"s:71:4:71:Infinity":39,"s:75:0:93:Infinity":40,"f:75:25:75:30":5,"b:76:2:79:Infinity:undefined:undefined:undefined:undefined":5,"s:76:2:79:Infinity":41,"s:77:4:77:Infinity":42,"s:78:4:78:Infinity":43,"s:81:2:92:Infinity":44,"b:82:4:86:Infinity:undefined:undefined:undefined:undefined":6,"s:82:4:86:Infinity":45,"s:83:6:83:Infinity":46,"s:84:6:84:Infinity":47,"s:85:6:85:Infinity":48,"s:88:4:88:Infinity":49,"s:90:4:90:Infinity":50,"s:91:4:91:Infinity":51},"fnNames":{}}}
,"/Users/yanguangchen/Documents/GitHub/DocuAlign/src/dashboard.js": {"path":"/Users/yanguangchen/Documents/GitHub/DocuAlign/src/dashboard.js","statementMap":{"0":{"start":{"line":5,"column":19},"end":{"line":5,"column":57}},"1":{"start":{"line":6,"column":18},"end":{"line":6,"column":56}},"2":{"start":{"line":7,"column":16},"end":{"line":7,"column":52}},"3":{"start":{"line":8,"column":15},"end":{"line":8,"column":58}},"4":{"start":{"line":9,"column":13},"end":{"line":9,"column":51}},"5":{"start":{"line":10,"column":20},"end":{"line":10,"column":59}},"6":{"start":{"line":12,"column":17},"end":{"line":12,"column":19}},"7":{"start":{"line":13,"column":20},"end":{"line":13,"column":24}},"8":{"start":{"line":15,"column":22},"end":{"line":18,"column":2}},"9":{"start":{"line":21,"column":2},"end":{"line":27,"column":null}},"10":{"start":{"line":21,"column":59},"end":{"line":27,"column":10}},"11":{"start":{"line":31,"column":2},"end":{"line":38,"column":null}},"12":{"start":{"line":32,"column":4},"end":{"line":32,"column":null}},"13":{"start":{"line":33,"column":4},"end":{"line":33,"column":null}},"14":{"start":{"line":34,"column":4},"end":{"line":34,"column":null}},"15":{"start":{"line":36,"column":4},"end":{"line":36,"column":null}},"16":{"start":{"line":37,"column":4},"end":{"line":37,"column":null}},"17":{"start":{"line":42,"column":16},"end":{"line":42,"column":79}},"18":{"start":{"line":43,"column":18},"end":{"line":45,"column":24}},"19":{"start":{"line":46,"column":22},"end":{"line":46,"column":46}},"20":{"start":{"line":47,"column":17},"end":{"line":49,"column":8}},"21":{"start":{"line":50,"column":18},"end":{"line":52,"column":8}},"22":{"start":{"line":54,"column":2},"end":{"line":66,"column":null}},"23":{"start":{"line":70,"column":18},"end":{"line":73,"column":4}},"24":{"start":{"line":75,"column":20},"end":{"line":75,"column":61}},"25":{"start":{"line":77,"column":2},"end":{"line":81,"column":null}},"26":{"start":{"line":78,"column":4},"end":{"line":78,"column":null}},"27":{"start":{"line":79,"column":4},"end":{"line":79,"column":null}},"28":{"start":{"line":80,"column":4},"end":{"line":80,"column":null}},"29":{"start":{"line":83,"column":2},"end":{"line":91,"column":null}},"30":{"start":{"line":84,"column":4},"end":{"line":84,"column":null}},"31":{"start":{"line":85,"column":4},"end":{"line":89,"column":null}},"32":{"start":{"line":90,"column":4},"end":{"line":90,"column":null}},"33":{"start":{"line":93,"column":2},"end":{"line":95,"column":null}},"34":{"start":{"line":96,"column":2},"end":{"line":96,"column":null}},"35":{"start":{"line":97,"column":2},"end":{"line":97,"column":null}},"36":{"start":{"line":101,"column":2},"end":{"line":101,"column":null}},"37":{"start":{"line":101,"column":34},"end":{"line":101,"column":null}},"38":{"start":{"line":102,"column":2},"end":{"line":102,"column":null}},"39":{"start":{"line":103,"column":2},"end":{"line":103,"column":null}},"40":{"start":{"line":104,"column":2},"end":{"line":104,"column":null}},"41":{"start":{"line":106,"column":2},"end":{"line":113,"column":null}},"42":{"start":{"line":107,"column":4},"end":{"line":107,"column":null}},"43":{"start":{"line":108,"column":4},"end":{"line":108,"column":null}},"44":{"start":{"line":110,"column":4},"end":{"line":110,"column":null}},"45":{"start":{"line":111,"column":4},"end":{"line":111,"column":null}},"46":{"start":{"line":112,"column":4},"end":{"line":112,"column":null}},"47":{"start":{"line":116,"column":0},"end":{"line":116,"column":null}},"48":{"start":{"line":117,"column":0},"end":{"line":120,"column":null}},"49":{"start":{"line":119,"column":2},"end":{"line":119,"column":null}},"50":{"start":{"line":122,"column":0},"end":{"line":132,"column":null}},"51":{"start":{"line":123,"column":2},"end":{"line":131,"column":null}},"52":{"start":{"line":124,"column":4},"end":{"line":124,"column":null}},"53":{"start":{"line":126,"column":4},"end":{"line":126,"column":null}},"54":{"start":{"line":127,"column":4},"end":{"line":127,"column":null}},"55":{"start":{"line":128,"column":4},"end":{"line":128,"column":null}},"56":{"start":{"line":129,"column":4},"end":{"line":129,"column":null}},"57":{"start":{"line":130,"column":4},"end":{"line":130,"column":null}}},"fnMap":{"0":{"name":"escapeHtml","decl":{"start":{"line":20,"column":16},"end":{"line":20,"column":26}},"loc":{"start":{"line":20,"column":34},"end":{"line":28,"column":null}},"line":20},"1":{"name":"(anonymous_1)","decl":{"start":{"line":21,"column":49},"end":{"line":21,"column":50}},"loc":{"start":{"line":21,"column":59},"end":{"line":27,"column":10}},"line":21},"2":{"name":"setStatus","decl":{"start":{"line":30,"column":16},"end":{"line":30,"column":25}},"loc":{"start":{"line":30,"column":35},"end":{"line":39,"column":null}},"line":30},"3":{"name":"reportCard","decl":{"start":{"line":41,"column":16},"end":{"line":41,"column":26}},"loc":{"start":{"line":41,"column":35},"end":{"line":67,"column":null}},"line":41},"4":{"name":"render","decl":{"start":{"line":69,"column":16},"end":{"line":69,"column":22}},"loc":{"start":{"line":69,"column":25},"end":{"line":98,"column":null}},"line":69},"5":{"name":"loadReports","decl":{"start":{"line":100,"column":22},"end":{"line":100,"column":33}},"loc":{"start":{"line":100,"column":40},"end":{"line":114,"column":null}},"line":100},"6":{"name":"(anonymous_6)","decl":{"start":{"line":117,"column":37},"end":{"line":117,"column":38}},"loc":{"start":{"line":117,"column":43},"end":{"line":120,"column":1}},"line":117},"7":{"name":"(anonymous_7)","decl":{"start":{"line":122,"column":25},"end":{"line":122,"column":26}},"loc":{"start":{"line":122,"column":35},"end":{"line":132,"column":1}},"line":122}},"branchMap":{"0":{"loc":{"start":{"line":21,"column":16},"end":{"line":21,"column":27}},"type":"binary-expr","locations":[{"start":{"line":21,"column":16},"end":{"line":21,"column":21}},{"start":{"line":21,"column":25},"end":{"line":21,"column":27}}],"line":21},"1":{"loc":{"start":{"line":31,"column":2},"end":{"line":38,"column":null}},"type":"if","locations":[{"start":{"line":31,"column":2},"end":{"line":38,"column":null}},{"start":{"line":35,"column":9},"end":{"line":38,"column":null}}],"line":31},"2":{"loc":{"start":{"line":42,"column":16},"end":{"line":42,"column":79}},"type":"binary-expr","locations":[{"start":{"line":42,"column":16},"end":{"line":42,"column":33}},{"start":{"line":42,"column":37},"end":{"line":42,"column":58}},{"start":{"line":42,"column":62},"end":{"line":42,"column":79}}],"line":42},"3":{"loc":{"start":{"line":43,"column":18},"end":{"line":45,"column":24}},"type":"cond-expr","locations":[{"start":{"line":44,"column":6},"end":{"line":44,"column":null}},{"start":{"line":45,"column":6},"end":{"line":45,"column":24}}],"line":43},"4":{"loc":{"start":{"line":46,"column":22},"end":{"line":46,"column":46}},"type":"binary-expr","locations":[{"start":{"line":46,"column":22},"end":{"line":46,"column":35}},{"start":{"line":46,"column":39},"end":{"line":46,"column":46}}],"line":46},"5":{"loc":{"start":{"line":47,"column":17},"end":{"line":49,"column":8}},"type":"cond-expr","locations":[{"start":{"line":48,"column":6},"end":{"line":48,"column":null}},{"start":{"line":49,"column":6},"end":{"line":49,"column":8}}],"line":47},"6":{"loc":{"start":{"line":50,"column":18},"end":{"line":52,"column":8}},"type":"cond-expr","locations":[{"start":{"line":51,"column":6},"end":{"line":51,"column":null}},{"start":{"line":52,"column":6},"end":{"line":52,"column":8}}],"line":50},"7":{"loc":{"start":{"line":75,"column":28},"end":{"line":75,"column":60}},"type":"binary-expr","locations":[{"start":{"line":75,"column":28},"end":{"line":75,"column":43}},{"start":{"line":75,"column":47},"end":{"line":75,"column":60}}],"line":75},"8":{"loc":{"start":{"line":77,"column":2},"end":{"line":81,"column":null}},"type":"if","locations":[{"start":{"line":77,"column":2},"end":{"line":81,"column":null}},{"start":{},"end":{}}],"line":77},"9":{"loc":{"start":{"line":83,"column":2},"end":{"line":91,"column":null}},"type":"if","locations":[{"start":{"line":83,"column":2},"end":{"line":91,"column":null}},{"start":{},"end":{}}],"line":83},"10":{"loc":{"start":{"line":86,"column":6},"end":{"line":88,"column":33}},"type":"cond-expr","locations":[{"start":{"line":87,"column":10},"end":{"line":87,"column":null}},{"start":{"line":88,"column":10},"end":{"line":88,"column":33}}],"line":86},"11":{"loc":{"start":{"line":93,"column":28},"end":{"line":95,"column":78}},"type":"cond-expr","locations":[{"start":{"line":94,"column":6},"end":{"line":94,"column":null}},{"start":{"line":95,"column":6},"end":{"line":95,"column":78}}],"line":93},"12":{"loc":{"start":{"line":95,"column":30},"end":{"line":95,"column":76}},"type":"cond-expr","locations":[{"start":{"line":95,"column":56},"end":{"line":95,"column":64}},{"start":{"line":95,"column":67},"end":{"line":95,"column":76}}],"line":95},"13":{"loc":{"start":{"line":101,"column":2},"end":{"line":101,"column":null}},"type":"if","locations":[{"start":{"line":101,"column":2},"end":{"line":101,"column":null}},{"start":{},"end":{}}],"line":101},"14":{"loc":{"start":{"line":123,"column":2},"end":{"line":131,"column":null}},"type":"if","locations":[{"start":{"line":123,"column":2},"end":{"line":131,"column":null}},{"start":{"line":125,"column":9},"end":{"line":131,"column":null}}],"line":123}},"s":{"0":11,"1":11,"2":11,"3":11,"4":11,"5":11,"6":11,"7":11,"8":11,"9":23,"10":9,"11":15,"12":11,"13":11,"14":11,"15":4,"16":4,"17":6,"18":6,"19":6,"20":6,"21":6,"22":6,"23":7,"24":7,"25":7,"26":3,"27":3,"28":3,"29":4,"30":1,"31":1,"32":1,"33":3,"34":7,"35":7,"36":4,"37":0,"38":4,"39":4,"40":4,"41":4,"42":4,"43":3,"44":1,"45":1,"46":1,"47":11,"48":11,"49":1,"50":11,"51":5,"52":4,"53":1,"54":1,"55":1,"56":1,"57":1},"f":{"0":23,"1":9,"2":15,"3":6,"4":7,"5":4,"6":1,"7":5},"b":{"0":[23,2],"1":[11,4],"2":[6,1,1],"3":[1,5],"4":[6,5],"5":[1,5],"6":[1,5],"7":[7,6],"8":[3,4],"9":[1,3],"10":[1,0],"11":[0,3],"12":[2,1],"13":[0,4],"14":[4,1]},"meta":{"lastBranch":15,"lastFunction":8,"lastStatement":58,"seen":{"s:5:19:5:57":0,"s:6:18:6:56":1,"s:7:16:7:52":2,"s:8:15:8:58":3,"s:9:13:9:51":4,"s:10:20:10:59":5,"s:12:17:12:19":6,"s:13:20:13:24":7,"s:15:22:18:2":8,"f:20:16:20:26":0,"s:21:2:27:Infinity":9,"b:21:16:21:21:21:25:21:27":0,"f:21:49:21:50":1,"s:21:59:27:10":10,"f:30:16:30:25":2,"b:31:2:38:Infinity:35:9:38:Infinity":1,"s:31:2:38:Infinity":11,"s:32:4:32:Infinity":12,"s:33:4:33:Infinity":13,"s:34:4:34:Infinity":14,"s:36:4:36:Infinity":15,"s:37:4:37:Infinity":16,"f:41:16:41:26":3,"s:42:16:42:79":17,"b:42:16:42:33:42:37:42:58:42:62:42:79":2,"s:43:18:45:24":18,"b:44:6:44:Infinity:45:6:45:24":3,"s:46:22:46:46":19,"b:46:22:46:35:46:39:46:46":4,"s:47:17:49:8":20,"b:48:6:48:Infinity:49:6:49:8":5,"s:50:18:52:8":21,"b:51:6:51:Infinity:52:6:52:8":6,"s:54:2:66:Infinity":22,"f:69:16:69:22":4,"s:70:18:73:4":23,"s:75:20:75:61":24,"b:75:28:75:43:75:47:75:60":7,"b:77:2:81:Infinity:undefined:undefined:undefined:undefined":8,"s:77:2:81:Infinity":25,"s:78:4:78:Infinity":26,"s:79:4:79:Infinity":27,"s:80:4:80:Infinity":28,"b:83:2:91:Infinity:undefined:undefined:undefined:undefined":9,"s:83:2:91:Infinity":29,"s:84:4:84:Infinity":30,"s:85:4:89:Infinity":31,"b:87:10:87:Infinity:88:10:88:33":10,"s:90:4:90:Infinity":32,"s:93:2:95:Infinity":33,"b:94:6:94:Infinity:95:6:95:78":11,"b:95:56:95:64:95:67:95:76":12,"s:96:2:96:Infinity":34,"s:97:2:97:Infinity":35,"f:100:22:100:33":5,"b:101:2:101:Infinity:undefined:undefined:undefined:undefined":13,"s:101:2:101:Infinity":36,"s:101:34:101:Infinity":37,"s:102:2:102:Infinity":38,"s:103:2:103:Infinity":39,"s:104:2:104:Infinity":40,"s:106:2:113:Infinity":41,"s:107:4:107:Infinity":42,"s:108:4:108:Infinity":43,"s:110:4:110:Infinity":44,"s:111:4:111:Infinity":45,"s:112:4:112:Infinity":46,"s:116:0:116:Infinity":47,"s:117:0:120:Infinity":48,"f:117:37:117:38":6,"s:119:2:119:Infinity":49,"s:122:0:132:Infinity":50,"f:122:25:122:26":7,"b:123:2:131:Infinity:125:9:131:Infinity":14,"s:123:2:131:Infinity":51,"s:124:4:124:Infinity":52,"s:126:4:126:Infinity":53,"s:127:4:127:Infinity":54,"s:128:4:128:Infinity":55,"s:129:4:129:Infinity":56,"s:130:4:130:Infinity":57},"fnNames":{}}}
,"/Users/yanguangchen/Documents/GitHub/DocuAlign/src/save-report.js": {"path":"/Users/yanguangchen/Documents/GitHub/DocuAlign/src/save-report.js","statementMap":{"0":{"start":{"line":9,"column":18},"end":{"line":9,"column":55}},"1":{"start":{"line":10,"column":17},"end":{"line":10,"column":53}},"2":{"start":{"line":11,"column":17},"end":{"line":11,"column":52}},"3":{"start":{"line":13,"column":18},"end":{"line":13,"column":22}},"4":{"start":{"line":15,"column":0},"end":{"line":17,"column":null}},"5":{"start":{"line":16,"column":2},"end":{"line":16,"column":null}},"6":{"start":{"line":20,"column":2},"end":{"line":25,"column":null}},"7":{"start":{"line":29,"column":2},"end":{"line":29,"column":null}},"8":{"start":{"line":29,"column":17},"end":{"line":29,"column":null}},"9":{"start":{"line":30,"column":2},"end":{"line":30,"column":null}},"10":{"start":{"line":31,"column":2},"end":{"line":31,"column":null}},"11":{"start":{"line":34,"column":0},"end":{"line":62,"column":null}},"12":{"start":{"line":35,"column":17},"end":{"line":35,"column":46}},"13":{"start":{"line":36,"column":2},"end":{"line":39,"column":null}},"14":{"start":{"line":37,"column":4},"end":{"line":37,"column":null}},"15":{"start":{"line":38,"column":4},"end":{"line":38,"column":null}},"16":{"start":{"line":41,"column":2},"end":{"line":44,"column":null}},"17":{"start":{"line":42,"column":4},"end":{"line":42,"column":null}},"18":{"start":{"line":43,"column":4},"end":{"line":43,"column":null}},"19":{"start":{"line":46,"column":2},"end":{"line":46,"column":null}},"20":{"start":{"line":47,"column":2},"end":{"line":47,"column":null}},"21":{"start":{"line":49,"column":2},"end":{"line":61,"column":null}},"22":{"start":{"line":50,"column":4},"end":{"line":55,"column":null}},"23":{"start":{"line":56,"column":4},"end":{"line":56,"column":null}},"24":{"start":{"line":58,"column":4},"end":{"line":58,"column":null}},"25":{"start":{"line":59,"column":4},"end":{"line":59,"column":null}},"26":{"start":{"line":60,"column":4},"end":{"line":60,"column":null}}},"fnMap":{"0":{"name":"(anonymous_0)","decl":{"start":{"line":15,"column":25},"end":{"line":15,"column":26}},"loc":{"start":{"line":15,"column":35},"end":{"line":17,"column":1}},"line":15},"1":{"name":"reportNameFromSource","decl":{"start":{"line":19,"column":16},"end":{"line":19,"column":36}},"loc":{"start":{"line":19,"column":45},"end":{"line":26,"column":null}},"line":19},"2":{"name":"setFeedback","decl":{"start":{"line":28,"column":16},"end":{"line":28,"column":27}},"loc":{"start":{"line":28,"column":37},"end":{"line":32,"column":null}},"line":28},"3":{"name":"(anonymous_3)","decl":{"start":{"line":34,"column":37},"end":{"line":34,"column":42}},"loc":{"start":{"line":34,"column":49},"end":{"line":62,"column":1}},"line":34}},"branchMap":{"0":{"loc":{"start":{"line":21,"column":4},"end":{"line":24,"column":null}},"type":"binary-expr","locations":[{"start":{"line":21,"column":4},"end":{"line":24,"column":30}},{"start":{"line":24,"column":34},"end":{"line":24,"column":null}}],"line":21},"1":{"loc":{"start":{"line":29,"column":2},"end":{"line":29,"column":null}},"type":"if","locations":[{"start":{"line":29,"column":2},"end":{"line":29,"column":null}},{"start":{},"end":{}}],"line":29},"2":{"loc":{"start":{"line":36,"column":2},"end":{"line":39,"column":null}},"type":"if","locations":[{"start":{"line":36,"column":2},"end":{"line":39,"column":null}},{"start":{},"end":{}}],"line":36},"3":{"loc":{"start":{"line":41,"column":2},"end":{"line":44,"column":null}},"type":"if","locations":[{"start":{"line":41,"column":2},"end":{"line":44,"column":null}},{"start":{},"end":{}}],"line":41},"4":{"loc":{"start":{"line":54,"column":17},"end":{"line":54,"column":42}},"type":"binary-expr","locations":[{"start":{"line":54,"column":17},"end":{"line":54,"column":34}},{"start":{"line":54,"column":38},"end":{"line":54,"column":42}}],"line":54}},"s":{"0":7,"1":7,"2":7,"3":7,"4":7,"5":3,"6":6,"7":8,"8":1,"9":7,"10":7,"11":7,"12":4,"13":4,"14":1,"15":1,"16":3,"17":1,"18":1,"19":2,"20":2,"21":2,"22":2,"23":1,"24":1,"25":1,"26":1},"f":{"0":3,"1":6,"2":8,"3":4},"b":{"0":[6,1],"1":[1,7],"2":[1,3],"3":[1,2],"4":[2,0]},"meta":{"lastBranch":5,"lastFunction":4,"lastStatement":27,"seen":{"s:9:18:9:55":0,"s:10:17:10:53":1,"s:11:17:11:52":2,"s:13:18:13:22":3,"s:15:0:17:Infinity":4,"f:15:25:15:26":0,"s:16:2:16:Infinity":5,"f:19:16:19:36":1,"s:20:2:25:Infinity":6,"b:21:4:24:30:24:34:24:Infinity":0,"f:28:16:28:27":2,"b:29:2:29:Infinity:undefined:undefined:undefined:undefined":1,"s:29:2:29:Infinity":7,"s:29:17:29:Infinity":8,"s:30:2:30:Infinity":9,"s:31:2:31:Infinity":10,"s:34:0:62:Infinity":11,"f:34:37:34:42":3,"s:35:17:35:46":12,"b:36:2:39:Infinity:undefined:undefined:undefined:undefined":2,"s:36:2:39:Infinity":13,"s:37:4:37:Infinity":14,"s:38:4:38:Infinity":15,"b:41:2:44:Infinity:undefined:undefined:undefined:undefined":3,"s:41:2:44:Infinity":16,"s:42:4:42:Infinity":17,"s:43:4:43:Infinity":18,"s:46:2:46:Infinity":19,"s:47:2:47:Infinity":20,"s:49:2:61:Infinity":21,"s:50:4:55:Infinity":22,"b:54:17:54:34:54:38:54:42":4,"s:56:4:56:Infinity":23,"s:58:4:58:Infinity":24,"s:59:4:59:Infinity":25,"s:60:4:60:Infinity":26},"fnNames":{}}}
,"/Users/yanguangchen/Documents/GitHub/DocuAlign/src/lib/firebase.js": {"path":"/Users/yanguangchen/Documents/GitHub/DocuAlign/src/lib/firebase.js","statementMap":{"0":{"start":{"line":7,"column":30},"end":{"line":15,"column":1}},"1":{"start":{"line":18,"column":18},"end":{"line":18,"column":84}},"2":{"start":{"line":21,"column":17},"end":{"line":21,"column":35}},"3":{"start":{"line":22,"column":19},"end":{"line":22,"column":32}},"4":{"start":{"line":23,"column":22},"end":{"line":23,"column":38}},"5":{"start":{"line":26,"column":23},"end":{"line":26,"column":27}},"6":{"start":{"line":28,"column":37},"end":{"line":30,"column":1}},"7":{"start":{"line":29,"column":2},"end":{"line":29,"column":null}},"8":{"start":{"line":32,"column":31},"end":{"line":42,"column":1}},"9":{"start":{"line":33,"column":2},"end":{"line":40,"column":null}},"10":{"start":{"line":34,"column":4},"end":{"line":39,"column":null}},"11":{"start":{"line":35,"column":6},"end":{"line":37,"column":null}},"12":{"start":{"line":36,"column":8},"end":{"line":36,"column":null}},"13":{"start":{"line":38,"column":6},"end":{"line":38,"column":null}},"14":{"start":{"line":39,"column":19},"end":{"line":39,"column":23}},"15":{"start":{"line":41,"column":2},"end":{"line":41,"column":null}}},"fnMap":{"0":{"name":"(anonymous_0)","decl":{"start":{"line":28,"column":37},"end":{"line":28,"column":38}},"loc":{"start":{"line":28,"column":43},"end":{"line":30,"column":1}},"line":28},"1":{"name":"(anonymous_1)","decl":{"start":{"line":32,"column":31},"end":{"line":32,"column":32}},"loc":{"start":{"line":32,"column":37},"end":{"line":42,"column":1}},"line":32},"2":{"name":"(anonymous_2)","decl":{"start":{"line":34,"column":52},"end":{"line":34,"column":53}},"loc":{"start":{"line":34,"column":67},"end":{"line":39,"column":5}},"line":34},"3":{"name":"(anonymous_3)","decl":{"start":{"line":39,"column":13},"end":{"line":39,"column":14}},"loc":{"start":{"line":39,"column":19},"end":{"line":39,"column":23}},"line":39}},"branchMap":{"0":{"loc":{"start":{"line":18,"column":18},"end":{"line":18,"column":84}},"type":"cond-expr","locations":[{"start":{"line":18,"column":43},"end":{"line":18,"column":73}},{"start":{"line":18,"column":75},"end":{"line":18,"column":84}}],"line":18},"1":{"loc":{"start":{"line":33,"column":2},"end":{"line":40,"column":null}},"type":"if","locations":[{"start":{"line":33,"column":2},"end":{"line":40,"column":null}},{"start":{},"end":{}}],"line":33},"2":{"loc":{"start":{"line":35,"column":6},"end":{"line":37,"column":null}},"type":"if","locations":[{"start":{"line":35,"column":6},"end":{"line":37,"column":null}},{"start":{},"end":{}}],"line":35}},"s":{"0":2,"1":2,"2":2,"3":2,"4":2,"5":2,"6":2,"7":10,"8":2,"9":5,"10":4,"11":3,"12":1,"13":2,"14":1,"15":5},"f":{"0":10,"1":5,"2":3,"3":1},"b":{"0":[1,1],"1":[4,1],"2":[1,2]},"meta":{"lastBranch":3,"lastFunction":4,"lastStatement":16,"seen":{"s:7:30:15:1":0,"s:18:18:18:84":1,"b:18:43:18:73:18:75:18:84":0,"s:21:17:21:35":2,"s:22:19:22:32":3,"s:23:22:23:38":4,"s:26:23:26:27":5,"s:28:37:30:1":6,"f:28:37:28:38":0,"s:29:2:29:Infinity":7,"s:32:31:42:1":8,"f:32:31:32:32":1,"b:33:2:40:Infinity:undefined:undefined:undefined:undefined":1,"s:33:2:40:Infinity":9,"s:34:4:39:Infinity":10,"f:34:52:34:53":2,"b:35:6:37:Infinity:undefined:undefined:undefined:undefined":2,"s:35:6:37:Infinity":11,"s:36:8:36:Infinity":12,"s:38:6:38:Infinity":13,"f:39:13:39:14":3,"s:39:19:39:23":14,"s:41:2:41:Infinity":15},"fnNames":{}}}
,"/Users/yanguangchen/Documents/GitHub/DocuAlign/src/lib/reports.js": {"path":"/Users/yanguangchen/Documents/GitHub/DocuAlign/src/lib/reports.js","statementMap":{"0":{"start":{"line":10,"column":40},"end":{"line":10,"column":58}},"1":{"start":{"line":15,"column":2},"end":{"line":15,"column":null}},"2":{"start":{"line":15,"column":14},"end":{"line":15,"column":null}},"3":{"start":{"line":16,"column":2},"end":{"line":16,"column":null}},"4":{"start":{"line":16,"column":29},"end":{"line":16,"column":null}},"5":{"start":{"line":17,"column":2},"end":{"line":17,"column":null}},"6":{"start":{"line":17,"column":42},"end":{"line":17,"column":null}},"7":{"start":{"line":18,"column":17},"end":{"line":18,"column":32}},"8":{"start":{"line":19,"column":2},"end":{"line":19,"column":null}},"9":{"start":{"line":24,"column":2},"end":{"line":24,"column":null}},"10":{"start":{"line":24,"column":19},"end":{"line":24,"column":null}},"11":{"start":{"line":25,"column":15},"end":{"line":25,"column":49}},"12":{"start":{"line":26,"column":2},"end":{"line":26,"column":null}},"13":{"start":{"line":31,"column":2},"end":{"line":31,"column":null}},"14":{"start":{"line":31,"column":19},"end":{"line":31,"column":null}},"15":{"start":{"line":32,"column":15},"end":{"line":32,"column":53}},"16":{"start":{"line":33,"column":2},"end":{"line":33,"column":null}},"17":{"start":{"line":40,"column":20},"end":{"line":40,"column":36}},"18":{"start":{"line":41,"column":18},"end":{"line":41,"column":30}},"19":{"start":{"line":43,"column":2},"end":{"line":43,"column":null}},"20":{"start":{"line":43,"column":30},"end":{"line":43,"column":null}},"21":{"start":{"line":45,"column":2},"end":{"line":51,"column":null}},"22":{"start":{"line":46,"column":24},"end":{"line":46,"column":48}},"23":{"start":{"line":47,"column":4},"end":{"line":47,"column":null}},"24":{"start":{"line":47,"column":22},"end":{"line":47,"column":null}},"25":{"start":{"line":48,"column":4},"end":{"line":48,"column":null}},"26":{"start":{"line":48,"column":46},"end":{"line":48,"column":null}},"27":{"start":{"line":49,"column":4},"end":{"line":49,"column":null}},"28":{"start":{"line":49,"column":42},"end":{"line":49,"column":null}},"29":{"start":{"line":50,"column":4},"end":{"line":50,"column":null}},"30":{"start":{"line":57,"column":2},"end":{"line":60,"column":null}},"31":{"start":{"line":65,"column":22},"end":{"line":68,"column":3}},"32":{"start":{"line":69,"column":19},"end":{"line":69,"column":46}},"33":{"start":{"line":70,"column":2},"end":{"line":73,"column":null}},"34":{"start":{"line":71,"column":17},"end":{"line":71,"column":32}},"35":{"start":{"line":72,"column":4},"end":{"line":72,"column":null}}},"fnMap":{"0":{"name":"toDate","decl":{"start":{"line":14,"column":16},"end":{"line":14,"column":22}},"loc":{"start":{"line":14,"column":30},"end":{"line":20,"column":null}},"line":14},"1":{"name":"startOfDay","decl":{"start":{"line":23,"column":9},"end":{"line":23,"column":19}},"loc":{"start":{"line":23,"column":32},"end":{"line":27,"column":null}},"line":23},"2":{"name":"endOfDay","decl":{"start":{"line":30,"column":9},"end":{"line":30,"column":17}},"loc":{"start":{"line":30,"column":30},"end":{"line":34,"column":null}},"line":30},"3":{"name":"filterReportsByDate","decl":{"start":{"line":39,"column":16},"end":{"line":39,"column":35}},"loc":{"start":{"line":39,"column":64},"end":{"line":52,"column":null}},"line":39},"4":{"name":"(anonymous_4)","decl":{"start":{"line":45,"column":24},"end":{"line":45,"column":25}},"loc":{"start":{"line":45,"column":36},"end":{"line":51,"column":3}},"line":45},"5":{"name":"saveReport","decl":{"start":{"line":56,"column":16},"end":{"line":56,"column":26}},"loc":{"start":{"line":56,"column":45},"end":{"line":61,"column":null}},"line":56},"6":{"name":"fetchReports","decl":{"start":{"line":64,"column":22},"end":{"line":64,"column":34}},"loc":{"start":{"line":64,"column":45},"end":{"line":74,"column":null}},"line":64},"7":{"name":"(anonymous_7)","decl":{"start":{"line":70,"column":27},"end":{"line":70,"column":28}},"loc":{"start":{"line":70,"column":41},"end":{"line":73,"column":3}},"line":70}},"branchMap":{"0":{"loc":{"start":{"line":15,"column":2},"end":{"line":15,"column":null}},"type":"if","locations":[{"start":{"line":15,"column":2},"end":{"line":15,"column":null}},{"start":{},"end":{}}],"line":15},"1":{"loc":{"start":{"line":16,"column":2},"end":{"line":16,"column":null}},"type":"if","locations":[{"start":{"line":16,"column":2},"end":{"line":16,"column":null}},{"start":{},"end":{}}],"line":16},"2":{"loc":{"start":{"line":16,"column":36},"end":{"line":16,"column":80}},"type":"cond-expr","locations":[{"start":{"line":16,"column":68},"end":{"line":16,"column":72}},{"start":{"line":16,"column":75},"end":{"line":16,"column":80}}],"line":16},"3":{"loc":{"start":{"line":17,"column":2},"end":{"line":17,"column":null}},"type":"if","locations":[{"start":{"line":17,"column":2},"end":{"line":17,"column":null}},{"start":{},"end":{}}],"line":17},"4":{"loc":{"start":{"line":19,"column":9},"end":{"line":19,"column":55}},"type":"cond-expr","locations":[{"start":{"line":19,"column":42},"end":{"line":19,"column":46}},{"start":{"line":19,"column":49},"end":{"line":19,"column":55}}],"line":19},"5":{"loc":{"start":{"line":24,"column":2},"end":{"line":24,"column":null}},"type":"if","locations":[{"start":{"line":24,"column":2},"end":{"line":24,"column":null}},{"start":{},"end":{}}],"line":24},"6":{"loc":{"start":{"line":26,"column":9},"end":{"line":26,"column":51}},"type":"cond-expr","locations":[{"start":{"line":26,"column":40},"end":{"line":26,"column":44}},{"start":{"line":26,"column":47},"end":{"line":26,"column":51}}],"line":26},"7":{"loc":{"start":{"line":31,"column":2},"end":{"line":31,"column":null}},"type":"if","locations":[{"start":{"line":31,"column":2},"end":{"line":31,"column":null}},{"start":{},"end":{}}],"line":31},"8":{"loc":{"start":{"line":33,"column":9},"end":{"line":33,"column":51}},"type":"cond-expr","locations":[{"start":{"line":33,"column":40},"end":{"line":33,"column":44}},{"start":{"line":33,"column":47},"end":{"line":33,"column":51}}],"line":33},"9":{"loc":{"start":{"line":39,"column":45},"end":{"line":39,"column":62}},"type":"default-arg","locations":[{"start":{"line":39,"column":60},"end":{"line":39,"column":62}}],"line":39},"10":{"loc":{"start":{"line":43,"column":2},"end":{"line":43,"column":null}},"type":"if","locations":[{"start":{"line":43,"column":2},"end":{"line":43,"column":null}},{"start":{},"end":{}}],"line":43},"11":{"loc":{"start":{"line":43,"column":6},"end":{"line":43,"column":28}},"type":"binary-expr","locations":[{"start":{"line":43,"column":6},"end":{"line":43,"column":16}},{"start":{"line":43,"column":20},"end":{"line":43,"column":28}}],"line":43},"12":{"loc":{"start":{"line":47,"column":4},"end":{"line":47,"column":null}},"type":"if","locations":[{"start":{"line":47,"column":4},"end":{"line":47,"column":null}},{"start":{},"end":{}}],"line":47},"13":{"loc":{"start":{"line":48,"column":4},"end":{"line":48,"column":null}},"type":"if","locations":[{"start":{"line":48,"column":4},"end":{"line":48,"column":null}},{"start":{},"end":{}}],"line":48},"14":{"loc":{"start":{"line":48,"column":8},"end":{"line":48,"column":44}},"type":"binary-expr","locations":[{"start":{"line":48,"column":8},"end":{"line":48,"column":17}},{"start":{"line":48,"column":21},"end":{"line":48,"column":44}}],"line":48},"15":{"loc":{"start":{"line":49,"column":4},"end":{"line":49,"column":null}},"type":"if","locations":[{"start":{"line":49,"column":4},"end":{"line":49,"column":null}},{"start":{},"end":{}}],"line":49},"16":{"loc":{"start":{"line":49,"column":8},"end":{"line":49,"column":40}},"type":"binary-expr","locations":[{"start":{"line":49,"column":8},"end":{"line":49,"column":15}},{"start":{"line":49,"column":19},"end":{"line":49,"column":40}}],"line":49}},"s":{"0":1,"1":37,"2":4,"3":33,"4":33,"5":6,"6":2,"7":4,"8":4,"9":8,"10":3,"11":5,"12":5,"13":8,"14":5,"15":3,"16":3,"17":8,"18":8,"19":8,"20":2,"21":6,"22":27,"23":27,"24":1,"25":26,"26":7,"27":19,"28":2,"29":17,"30":1,"31":1,"32":1,"33":1,"34":2,"35":2},"f":{"0":37,"1":8,"2":8,"3":8,"4":27,"5":1,"6":1,"7":2},"b":{"0":[4,33],"1":[27,6],"2":[1,26],"3":[2,4],"4":[1,3],"5":[3,5],"6":[0,5],"7":[5,3],"8":[0,3],"9":[8],"10":[2,6],"11":[8,3],"12":[1,26],"13":[7,19],"14":[26,21],"15":[2,17],"16":[19,10]},"meta":{"lastBranch":17,"lastFunction":8,"lastStatement":36,"seen":{"s:10:40:10:58":0,"f:14:16:14:22":0,"b:15:2:15:Infinity:undefined:undefined:undefined:undefined":0,"s:15:2:15:Infinity":1,"s:15:14:15:Infinity":2,"b:16:2:16:Infinity:undefined:undefined:undefined:undefined":1,"s:16:2:16:Infinity":3,"s:16:29:16:Infinity":4,"b:16:68:16:72:16:75:16:80":2,"b:17:2:17:Infinity:undefined:undefined:undefined:undefined":3,"s:17:2:17:Infinity":5,"s:17:42:17:Infinity":6,"s:18:17:18:32":7,"s:19:2:19:Infinity":8,"b:19:42:19:46:19:49:19:55":4,"f:23:9:23:19":1,"b:24:2:24:Infinity:undefined:undefined:undefined:undefined":5,"s:24:2:24:Infinity":9,"s:24:19:24:Infinity":10,"s:25:15:25:49":11,"s:26:2:26:Infinity":12,"b:26:40:26:44:26:47:26:51":6,"f:30:9:30:17":2,"b:31:2:31:Infinity:undefined:undefined:undefined:undefined":7,"s:31:2:31:Infinity":13,"s:31:19:31:Infinity":14,"s:32:15:32:53":15,"s:33:2:33:Infinity":16,"b:33:40:33:44:33:47:33:51":8,"f:39:16:39:35":3,"b:39:60:39:62":9,"s:40:20:40:36":17,"s:41:18:41:30":18,"b:43:2:43:Infinity:undefined:undefined:undefined:undefined":10,"s:43:2:43:Infinity":19,"b:43:6:43:16:43:20:43:28":11,"s:43:30:43:Infinity":20,"s:45:2:51:Infinity":21,"f:45:24:45:25":4,"s:46:24:46:48":22,"b:47:4:47:Infinity:undefined:undefined:undefined:undefined":12,"s:47:4:47:Infinity":23,"s:47:22:47:Infinity":24,"b:48:4:48:Infinity:undefined:undefined:undefined:undefined":13,"s:48:4:48:Infinity":25,"b:48:8:48:17:48:21:48:44":14,"s:48:46:48:Infinity":26,"b:49:4:49:Infinity:undefined:undefined:undefined:undefined":15,"s:49:4:49:Infinity":27,"b:49:8:49:15:49:19:49:40":16,"s:49:42:49:Infinity":28,"s:50:4:50:Infinity":29,"f:56:16:56:26":5,"s:57:2:60:Infinity":30,"f:64:22:64:34":6,"s:65:22:68:3":31,"s:69:19:69:46":32,"s:70:2:73:Infinity":33,"f:70:27:70:28":7,"s:71:17:71:32":34,"s:72:4:72:Infinity":35},"fnNames":{}}}
}
