{"/Users/yanguangchen/Documents/GitHub/DocuAlign/src/App.jsx": {"path":"/Users/yanguangchen/Documents/GitHub/DocuAlign/src/App.jsx","statementMap":{"0":{"start":{"line":9,"column":25},"end":{"line":9,"column":null}},"1":{"start":{"line":12,"column":2},"end":{"line":12,"column":null}},"2":{"start":{"line":12,"column":20},"end":{"line":12,"column":null}},"3":{"start":{"line":13,"column":2},"end":{"line":13,"column":null}},"4":{"start":{"line":13,"column":27},"end":{"line":13,"column":null}},"5":{"start":{"line":14,"column":2},"end":{"line":14,"column":null}},"6":{"start":{"line":18,"column":15},"end":{"line":18,"column":null}},"7":{"start":{"line":19,"column":2},"end":{"line":19,"column":null}},"8":{"start":{"line":19,"column":46},"end":{"line":19,"column":70}},"9":{"start":{"line":23,"column":2},"end":{"line":27,"column":null}},"10":{"start":{"line":32,"column":2},"end":{"line":36,"column":null}},"11":{"start":{"line":41,"column":8},"end":{"line":41,"column":null}},"12":{"start":{"line":42,"column":22},"end":{"line":42,"column":null}},"13":{"start":{"line":43,"column":34},"end":{"line":43,"column":null}},"14":{"start":{"line":44,"column":28},"end":{"line":44,"column":null}},"15":{"start":{"line":47,"column":4},"end":{"line":47,"column":null}},"16":{"start":{"line":47,"column":19},"end":{"line":47,"column":null}},"17":{"start":{"line":49,"column":4},"end":{"line":60,"column":null}},"18":{"start":{"line":50,"column":6},"end":{"line":50,"column":null}},"19":{"start":{"line":51,"column":6},"end":{"line":51,"column":null}},"20":{"start":{"line":52,"column":6},"end":{"line":58,"column":null}},"21":{"start":{"line":59,"column":6},"end":{"line":59,"column":null}},"22":{"start":{"line":62,"column":4},"end":{"line":62,"column":null}},"23":{"start":{"line":63,"column":4},"end":{"line":63,"column":null}},"24":{"start":{"line":67,"column":4},"end":{"line":67,"column":null}},"25":{"start":{"line":68,"column":4},"end":{"line":68,"column":null}},"26":{"start":{"line":69,"column":4},"end":{"line":69,"column":null}},"27":{"start":{"line":73,"column":4},"end":{"line":73,"column":null}},"28":{"start":{"line":74,"column":4},"end":{"line":74,"column":null}},"29":{"start":{"line":75,"column":4},"end":{"line":75,"column":null}},"30":{"start":{"line":79,"column":4},"end":{"line":79,"column":null}},"31":{"start":{"line":82,"column":2},"end":{"line":178,"column":null}},"32":{"start":{"line":108,"column":14},"end":{"line":108,"column":null}},"33":{"start":{"line":109,"column":14},"end":{"line":109,"column":null}},"34":{"start":{"line":111,"column":35},"end":{"line":111,"column":null}},"35":{"start":{"line":113,"column":14},"end":{"line":115,"column":null}},"36":{"start":{"line":114,"column":16},"end":{"line":114,"column":null}},"37":{"start":{"line":124,"column":35},"end":{"line":124,"column":null}},"38":{"start":{"line":135,"column":79},"end":{"line":135,"column":106}}},"fnMap":{"0":{"name":"formatFileSize","decl":{"start":{"line":11,"column":9},"end":{"line":11,"column":24}},"loc":{"start":{"line":11,"column":31},"end":{"line":15,"column":null}},"line":11},"1":{"name":"isExcelFile","decl":{"start":{"line":17,"column":9},"end":{"line":17,"column":21}},"loc":{"start":{"line":17,"column":27},"end":{"line":20,"column":null}},"line":17},"2":{"name":"(anonymous_2)","decl":{"start":{"line":19,"column":31},"end":{"line":19,"column":32}},"loc":{"start":{"line":19,"column":46},"end":{"line":19,"column":70}},"line":19},"3":{"name":"CloudIcon","decl":{"start":{"line":22,"column":9},"end":{"line":22,"column":21}},"loc":{"start":{"line":22,"column":21},"end":{"line":29,"column":null}},"line":22},"4":{"name":"FileIcon","decl":{"start":{"line":31,"column":9},"end":{"line":31,"column":20}},"loc":{"start":{"line":31,"column":20},"end":{"line":38,"column":null}},"line":31},"5":{"name":"App","decl":{"start":{"line":40,"column":9},"end":{"line":40,"column":15}},"loc":{"start":{"line":40,"column":15},"end":{"line":180,"column":null}},"line":40},"6":{"name":"selectFile","decl":{"start":{"line":46,"column":11},"end":{"line":46,"column":22}},"loc":{"start":{"line":46,"column":32},"end":{"line":64,"column":null}},"line":46},"7":{"name":"handleDrop","decl":{"start":{"line":66,"column":11},"end":{"line":66,"column":22}},"loc":{"start":{"line":66,"column":29},"end":{"line":70,"column":null}},"line":66},"8":{"name":"removeFile","decl":{"start":{"line":72,"column":11},"end":{"line":72,"column":24}},"loc":{"start":{"line":72,"column":24},"end":{"line":76,"column":null}},"line":72},"9":{"name":"handleCloudSave","decl":{"start":{"line":78,"column":11},"end":{"line":78,"column":29}},"loc":{"start":{"line":78,"column":29},"end":{"line":80,"column":null}},"line":78},"10":{"name":"(anonymous_10)","decl":{"start":{"line":107,"column":25},"end":{"line":107,"column":26}},"loc":{"start":{"line":107,"column":36},"end":{"line":110,"column":null}},"line":107},"11":{"name":"(anonymous_11)","decl":{"start":{"line":111,"column":24},"end":{"line":111,"column":25}},"loc":{"start":{"line":111,"column":35},"end":{"line":111,"column":null}},"line":111},"12":{"name":"(anonymous_12)","decl":{"start":{"line":112,"column":25},"end":{"line":112,"column":26}},"loc":{"start":{"line":112,"column":36},"end":{"line":116,"column":null}},"line":112},"13":{"name":"(anonymous_13)","decl":{"start":{"line":124,"column":24},"end":{"line":124,"column":25}},"loc":{"start":{"line":124,"column":35},"end":{"line":124,"column":null}},"line":124},"14":{"name":"(anonymous_14)","decl":{"start":{"line":135,"column":73},"end":{"line":135,"column":79}},"loc":{"start":{"line":135,"column":79},"end":{"line":135,"column":106}},"line":135}},"branchMap":{"0":{"loc":{"start":{"line":12,"column":2},"end":{"line":12,"column":null}},"type":"if","locations":[{"start":{"line":12,"column":2},"end":{"line":12,"column":null}},{"start":{},"end":{}}],"line":12},"1":{"loc":{"start":{"line":13,"column":2},"end":{"line":13,"column":null}},"type":"if","locations":[{"start":{"line":13,"column":2},"end":{"line":13,"column":null}},{"start":{},"end":{}}],"line":13},"2":{"loc":{"start":{"line":47,"column":4},"end":{"line":47,"column":null}},"type":"if","locations":[{"start":{"line":47,"column":4},"end":{"line":47,"column":null}},{"start":{},"end":{}}],"line":47},"3":{"loc":{"start":{"line":49,"column":4},"end":{"line":60,"column":null}},"type":"if","locations":[{"start":{"line":49,"column":4},"end":{"line":60,"column":null}},{"start":{},"end":{}}],"line":49},"4":{"loc":{"start":{"line":57,"column":25},"end":{"line":57,"column":null}},"type":"binary-expr","locations":[{"start":{"line":57,"column":25},"end":{"line":57,"column":81}},{"start":{"line":57,"column":81},"end":{"line":57,"column":null}}],"line":57},"5":{"loc":{"start":{"line":106,"column":35},"end":{"line":106,"column":66}},"type":"cond-expr","locations":[{"start":{"line":106,"column":48},"end":{"line":106,"column":64}},{"start":{"line":106,"column":64},"end":{"line":106,"column":66}}],"line":106},"6":{"loc":{"start":{"line":106,"column":70},"end":{"line":106,"column":92}},"type":"cond-expr","locations":[{"start":{"line":106,"column":77},"end":{"line":106,"column":90}},{"start":{"line":106,"column":90},"end":{"line":106,"column":92}}],"line":106},"7":{"loc":{"start":{"line":113,"column":14},"end":{"line":115,"column":null}},"type":"if","locations":[{"start":{"line":113,"column":14},"end":{"line":115,"column":null}},{"start":{},"end":{}}],"line":113},"8":{"loc":{"start":{"line":127,"column":13},"end":{"line":149,"column":null}},"type":"cond-expr","locations":[{"start":{"line":128,"column":14},"end":{"line":142,"column":null}},{"start":{"line":144,"column":14},"end":{"line":149,"column":null}}],"line":127},"9":{"loc":{"start":{"line":146,"column":25},"end":{"line":146,"column":98}},"type":"cond-expr","locations":[{"start":{"line":146,"column":38},"end":{"line":146,"column":66}},{"start":{"line":146,"column":66},"end":{"line":146,"column":98}}],"line":146},"10":{"loc":{"start":{"line":154,"column":26},"end":{"line":154,"column":72}},"type":"cond-expr","locations":[{"start":{"line":154,"column":36},"end":{"line":154,"column":60}},{"start":{"line":154,"column":60},"end":{"line":154,"column":72}}],"line":154},"11":{"loc":{"start":{"line":155,"column":15},"end":{"line":155,"column":null}},"type":"binary-expr","locations":[{"start":{"line":155,"column":15},"end":{"line":155,"column":26}},{"start":{"line":155,"column":26},"end":{"line":155,"column":null}}],"line":155}},"s":{"0":1,"1":7,"2":4,"3":3,"4":3,"5":1,"6":8,"7":8,"8":11,"9":39,"10":7,"11":23,"12":23,"13":23,"14":23,"15":9,"16":1,"17":8,"18":2,"19":2,"20":2,"21":2,"22":6,"23":6,"24":1,"25":1,"26":1,"27":1,"28":1,"29":1,"30":1,"31":23,"32":2,"33":2,"34":1,"35":2,"36":1,"37":8,"38":1},"f":{"0":7,"1":8,"2":11,"3":39,"4":7,"5":23,"6":9,"7":1,"8":1,"9":1,"10":2,"11":1,"12":2,"13":8,"14":1},"b":{"0":[4,3],"1":[2,1],"2":[1,8],"3":[2,6],"4":[2,1],"5":[2,21],"6":[7,16],"7":[1,1],"8":[7,16],"9":[2,14],"10":[3,20],"11":[23,20]},"meta":{"lastBranch":12,"lastFunction":15,"lastStatement":39,"seen":{"s:9:25:9:Infinity":0,"f:11:9:11:24":0,"b:12:2:12:Infinity:undefined:undefined:undefined:undefined":0,"s:12:2:12:Infinity":1,"s:12:20:12:Infinity":2,"b:13:2:13:Infinity:undefined:undefined:undefined:undefined":1,"s:13:2:13:Infinity":3,"s:13:27:13:Infinity":4,"s:14:2:14:Infinity":5,"f:17:9:17:21":1,"s:18:15:18:Infinity":6,"s:19:2:19:Infinity":7,"f:19:31:19:32":2,"s:19:46:19:70":8,"f:22:9:22:21":3,"s:23:2:27:Infinity":9,"f:31:9:31:20":4,"s:32:2:36:Infinity":10,"f:40:9:40:15":5,"s:41:8:41:Infinity":11,"s:42:22:42:Infinity":12,"s:43:34:43:Infinity":13,"s:44:28:44:Infinity":14,"f:46:11:46:22":6,"b:47:4:47:Infinity:undefined:undefined:undefined:undefined":2,"s:47:4:47:Infinity":15,"s:47:19:47:Infinity":16,"b:49:4:60:Infinity:undefined:undefined:undefined:undefined":3,"s:49:4:60:Infinity":17,"s:50:6:50:Infinity":18,"s:51:6:51:Infinity":19,"s:52:6:58:Infinity":20,"b:57:25:57:81:57:81:57:Infinity":4,"s:59:6:59:Infinity":21,"s:62:4:62:Infinity":22,"s:63:4:63:Infinity":23,"f:66:11:66:22":7,"s:67:4:67:Infinity":24,"s:68:4:68:Infinity":25,"s:69:4:69:Infinity":26,"f:72:11:72:24":8,"s:73:4:73:Infinity":27,"s:74:4:74:Infinity":28,"s:75:4:75:Infinity":29,"f:78:11:78:29":9,"s:79:4:79:Infinity":30,"s:82:2:178:Infinity":31,"b:106:48:106:64:106:64:106:66":5,"b:106:77:106:90:106:90:106:92":6,"f:107:25:107:26":10,"s:108:14:108:Infinity":32,"s:109:14:109:Infinity":33,"f:111:24:111:25":11,"s:111:35:111:Infinity":34,"f:112:25:112:26":12,"b:113:14:115:Infinity:undefined:undefined:undefined:undefined":7,"s:113:14:115:Infinity":35,"s:114:16:114:Infinity":36,"f:124:24:124:25":13,"s:124:35:124:Infinity":37,"b:128:14:142:Infinity:144:14:149:Infinity":8,"f:135:73:135:79":14,"s:135:79:135:106":38,"b:146:38:146:66:146:66:146:98":9,"b:154:36:154:60:154:60:154:72":10,"b:155:15:155:26:155:26:155:Infinity":11},"fnNames":{}}}
,"/Users/yanguangchen/Documents/GitHub/DocuAlign/src/auth-gate.js": {"path":"/Users/yanguangchen/Documents/GitHub/DocuAlign/src/auth-gate.js","statementMap":{"0":{"start":{"line":19,"column":17},"end":{"line":19,"column":53}},"1":{"start":{"line":20,"column":21},"end":{"line":20,"column":61}},"2":{"start":{"line":21,"column":21},"end":{"line":21,"column":62}},"3":{"start":{"line":22,"column":22},"end":{"line":22,"column":57}},"4":{"start":{"line":23,"column":20},"end":{"line":23,"column":59}},"5":{"start":{"line":24,"column":18},"end":{"line":24,"column":60}},"6":{"start":{"line":25,"column":17},"end":{"line":25,"column":41}},"7":{"start":{"line":27,"column":0},"end":{"line":27,"column":null}},"8":{"start":{"line":30,"column":2},"end":{"line":30,"column":null}},"9":{"start":{"line":31,"column":2},"end":{"line":31,"column":null}},"10":{"start":{"line":32,"column":2},"end":{"line":32,"column":null}},"11":{"start":{"line":33,"column":2},"end":{"line":33,"column":null}},"12":{"start":{"line":34,"column":2},"end":{"line":34,"column":null}},"13":{"start":{"line":38,"column":2},"end":{"line":38,"column":null}},"14":{"start":{"line":39,"column":2},"end":{"line":39,"column":null}},"15":{"start":{"line":40,"column":2},"end":{"line":40,"column":null}},"16":{"start":{"line":44,"column":2},"end":{"line":53,"column":null}},"17":{"start":{"line":45,"column":4},"end":{"line":51,"column":null}},"18":{"start":{"line":52,"column":4},"end":{"line":52,"column":null}},"19":{"start":{"line":55,"column":2},"end":{"line":78,"column":null}},"20":{"start":{"line":56,"column":4},"end":{"line":56,"column":null}},"21":{"start":{"line":57,"column":4},"end":{"line":57,"column":null}},"22":{"start":{"line":59,"column":4},"end":{"line":68,"column":null}},"23":{"start":{"line":60,"column":6},"end":{"line":66,"column":null}},"24":{"start":{"line":67,"column":6},"end":{"line":67,"column":null}},"25":{"start":{"line":69,"column":4},"end":{"line":76,"column":null}},"26":{"start":{"line":77,"column":4},"end":{"line":77,"column":null}},"27":{"start":{"line":81,"column":0},"end":{"line":109,"column":null}},"28":{"start":{"line":82,"column":2},"end":{"line":82,"column":null}},"29":{"start":{"line":83,"column":2},"end":{"line":83,"column":null}},"30":{"start":{"line":84,"column":2},"end":{"line":84,"column":null}},"31":{"start":{"line":86,"column":2},"end":{"line":108,"column":null}},"32":{"start":{"line":87,"column":4},"end":{"line":87,"column":null}},"33":{"start":{"line":88,"column":4},"end":{"line":88,"column":null}},"34":{"start":{"line":90,"column":4},"end":{"line":99,"column":null}},"35":{"start":{"line":91,"column":6},"end":{"line":96,"column":null}},"36":{"start":{"line":97,"column":6},"end":{"line":97,"column":null}},"37":{"start":{"line":98,"column":6},"end":{"line":98,"column":null}},"38":{"start":{"line":101,"column":4},"end":{"line":106,"column":null}},"39":{"start":{"line":107,"column":4},"end":{"line":107,"column":null}},"40":{"start":{"line":111,"column":0},"end":{"line":125,"column":null}},"41":{"start":{"line":112,"column":2},"end":{"line":112,"column":null}},"42":{"start":{"line":113,"column":2},"end":{"line":124,"column":null}},"43":{"start":{"line":114,"column":4},"end":{"line":114,"column":null}},"44":{"start":{"line":116,"column":4},"end":{"line":121,"column":null}},"45":{"start":{"line":123,"column":4},"end":{"line":123,"column":null}},"46":{"start":{"line":127,"column":0},"end":{"line":152,"column":null}},"47":{"start":{"line":128,"column":2},"end":{"line":131,"column":null}},"48":{"start":{"line":129,"column":4},"end":{"line":129,"column":null}},"49":{"start":{"line":130,"column":4},"end":{"line":130,"column":null}},"50":{"start":{"line":133,"column":2},"end":{"line":151,"column":null}},"51":{"start":{"line":134,"column":4},"end":{"line":138,"column":null}},"52":{"start":{"line":135,"column":6},"end":{"line":135,"column":null}},"53":{"start":{"line":136,"column":6},"end":{"line":136,"column":null}},"54":{"start":{"line":137,"column":6},"end":{"line":137,"column":null}},"55":{"start":{"line":140,"column":4},"end":{"line":140,"column":null}},"56":{"start":{"line":142,"column":4},"end":{"line":148,"column":null}},"57":{"start":{"line":149,"column":4},"end":{"line":149,"column":null}},"58":{"start":{"line":150,"column":4},"end":{"line":150,"column":null}}},"fnMap":{"0":{"name":"showGate","decl":{"start":{"line":29,"column":16},"end":{"line":29,"column":24}},"loc":{"start":{"line":29,"column":108},"end":{"line":35,"column":null}},"line":29},"1":{"name":"showApp","decl":{"start":{"line":37,"column":16},"end":{"line":37,"column":23}},"loc":{"start":{"line":37,"column":30},"end":{"line":41,"column":null}},"line":37},"2":{"name":"hasDocuAlignAccess","decl":{"start":{"line":43,"column":22},"end":{"line":43,"column":40}},"loc":{"start":{"line":43,"column":47},"end":{"line":79,"column":null}},"line":43},"3":{"name":"(anonymous_3)","decl":{"start":{"line":81,"column":39},"end":{"line":81,"column":44}},"loc":{"start":{"line":81,"column":51},"end":{"line":109,"column":1}},"line":81},"4":{"name":"(anonymous_4)","decl":{"start":{"line":111,"column":40},"end":{"line":111,"column":45}},"loc":{"start":{"line":111,"column":52},"end":{"line":125,"column":1}},"line":111},"5":{"name":"(anonymous_5)","decl":{"start":{"line":127,"column":25},"end":{"line":127,"column":30}},"loc":{"start":{"line":127,"column":41},"end":{"line":152,"column":1}},"line":127}},"branchMap":{"0":{"loc":{"start":{"line":29,"column":25},"end":{"line":29,"column":89}},"type":"default-arg","locations":[{"start":{"line":29,"column":35},"end":{"line":29,"column":89}}],"line":29},"1":{"loc":{"start":{"line":29,"column":91},"end":{"line":29,"column":106}},"type":"default-arg","locations":[{"start":{"line":29,"column":101},"end":{"line":29,"column":106}}],"line":29},"2":{"loc":{"start":{"line":44,"column":2},"end":{"line":53,"column":null}},"type":"if","locations":[{"start":{"line":44,"column":2},"end":{"line":53,"column":null}},{"start":{},"end":{}}],"line":44},"3":{"loc":{"start":{"line":50,"column":22},"end":{"line":50,"column":65}},"type":"cond-expr","locations":[{"start":{"line":50,"column":34},"end":{"line":50,"column":51}},{"start":{"line":50,"column":54},"end":{"line":50,"column":65}}],"line":50},"4":{"loc":{"start":{"line":59,"column":4},"end":{"line":68,"column":null}},"type":"if","locations":[{"start":{"line":59,"column":4},"end":{"line":68,"column":null}},{"start":{},"end":{}}],"line":59},"5":{"loc":{"start":{"line":65,"column":24},"end":{"line":65,"column":67}},"type":"cond-expr","locations":[{"start":{"line":65,"column":36},"end":{"line":65,"column":53}},{"start":{"line":65,"column":56},"end":{"line":65,"column":67}}],"line":65},"6":{"loc":{"start":{"line":74,"column":16},"end":{"line":74,"column":52}},"type":"binary-expr","locations":[{"start":{"line":74,"column":16},"end":{"line":74,"column":27}},{"start":{"line":74,"column":31},"end":{"line":74,"column":52}}],"line":74},"7":{"loc":{"start":{"line":75,"column":22},"end":{"line":75,"column":65}},"type":"cond-expr","locations":[{"start":{"line":75,"column":34},"end":{"line":75,"column":51}},{"start":{"line":75,"column":54},"end":{"line":75,"column":65}}],"line":75},"8":{"loc":{"start":{"line":90,"column":4},"end":{"line":99,"column":null}},"type":"if","locations":[{"start":{"line":90,"column":4},"end":{"line":99,"column":null}},{"start":{},"end":{}}],"line":90},"9":{"loc":{"start":{"line":105,"column":16},"end":{"line":105,"column":54}},"type":"binary-expr","locations":[{"start":{"line":105,"column":16},"end":{"line":105,"column":27}},{"start":{"line":105,"column":31},"end":{"line":105,"column":54}}],"line":105},"10":{"loc":{"start":{"line":120,"column":16},"end":{"line":120,"column":47}},"type":"binary-expr","locations":[{"start":{"line":120,"column":16},"end":{"line":120,"column":27}},{"start":{"line":120,"column":31},"end":{"line":120,"column":47}}],"line":120},"11":{"loc":{"start":{"line":128,"column":2},"end":{"line":131,"column":null}},"type":"if","locations":[{"start":{"line":128,"column":2},"end":{"line":131,"column":null}},{"start":{},"end":{}}],"line":128},"12":{"loc":{"start":{"line":134,"column":4},"end":{"line":138,"column":null}},"type":"if","locations":[{"start":{"line":134,"column":4},"end":{"line":138,"column":null}},{"start":{},"end":{}}],"line":134},"13":{"loc":{"start":{"line":146,"column":16},"end":{"line":146,"column":52}},"type":"binary-expr","locations":[{"start":{"line":146,"column":16},"end":{"line":146,"column":27}},{"start":{"line":146,"column":31},"end":{"line":146,"column":52}}],"line":146},"14":{"loc":{"start":{"line":147,"column":22},"end":{"line":147,"column":65}},"type":"cond-expr","locations":[{"start":{"line":147,"column":34},"end":{"line":147,"column":51}},{"start":{"line":147,"column":54},"end":{"line":147,"column":65}}],"line":147}},"s":{"0":12,"1":12,"2":12,"3":12,"4":12,"5":12,"6":12,"7":12,"8":6,"9":6,"10":6,"11":6,"12":6,"13":2,"14":2,"15":2,"16":8,"17":2,"18":2,"19":6,"20":6,"21":2,"22":4,"23":2,"24":2,"25":2,"26":4,"27":12,"28":3,"29":3,"30":3,"31":3,"32":3,"33":1,"34":2,"35":1,"36":1,"37":1,"38":1,"39":2,"40":12,"41":2,"42":2,"43":2,"44":1,"45":2,"46":12,"47":4,"48":1,"49":1,"50":3,"51":3,"52":1,"53":1,"54":1,"55":1,"56":1,"57":1,"58":1},"f":{"0":6,"1":2,"2":8,"3":3,"4":2,"5":4},"b":{"0":[6],"1":[6],"2":[2,6],"3":[0,2],"4":[2,2],"5":[0,2],"6":[2,2],"7":[0,2],"8":[1,1],"9":[1,1],"10":[1,1],"11":[1,3],"12":[1,2],"13":[1,1],"14":[0,1]},"meta":{"lastBranch":15,"lastFunction":6,"lastStatement":59,"seen":{"s:19:17:19:53":0,"s:20:21:20:61":1,"s:21:21:21:62":2,"s:22:22:22:57":3,"s:23:20:23:59":4,"s:24:18:24:60":5,"s:25:17:25:41":6,"s:27:0:27:Infinity":7,"f:29:16:29:24":0,"b:29:35:29:89":0,"b:29:101:29:106":1,"s:30:2:30:Infinity":8,"s:31:2:31:Infinity":9,"s:32:2:32:Infinity":10,"s:33:2:33:Infinity":11,"s:34:2:34:Infinity":12,"f:37:16:37:23":1,"s:38:2:38:Infinity":13,"s:39:2:39:Infinity":14,"s:40:2:40:Infinity":15,"f:43:22:43:40":2,"b:44:2:53:Infinity:undefined:undefined:undefined:undefined":2,"s:44:2:53:Infinity":16,"s:45:4:51:Infinity":17,"b:50:34:50:51:50:54:50:65":3,"s:52:4:52:Infinity":18,"s:55:2:78:Infinity":19,"s:56:4:56:Infinity":20,"s:57:4:57:Infinity":21,"b:59:4:68:Infinity:undefined:undefined:undefined:undefined":4,"s:59:4:68:Infinity":22,"s:60:6:66:Infinity":23,"b:65:36:65:53:65:56:65:67":5,"s:67:6:67:Infinity":24,"s:69:4:76:Infinity":25,"b:74:16:74:27:74:31:74:52":6,"b:75:34:75:51:75:54:75:65":7,"s:77:4:77:Infinity":26,"s:81:0:109:Infinity":27,"f:81:39:81:44":3,"s:82:2:82:Infinity":28,"s:83:2:83:Infinity":29,"s:84:2:84:Infinity":30,"s:86:2:108:Infinity":31,"s:87:4:87:Infinity":32,"s:88:4:88:Infinity":33,"b:90:4:99:Infinity:undefined:undefined:undefined:undefined":8,"s:90:4:99:Infinity":34,"s:91:6:96:Infinity":35,"s:97:6:97:Infinity":36,"s:98:6:98:Infinity":37,"s:101:4:106:Infinity":38,"b:105:16:105:27:105:31:105:54":9,"s:107:4:107:Infinity":39,"s:111:0:125:Infinity":40,"f:111:40:111:45":4,"s:112:2:112:Infinity":41,"s:113:2:124:Infinity":42,"s:114:4:114:Infinity":43,"s:116:4:121:Infinity":44,"b:120:16:120:27:120:31:120:47":10,"s:123:4:123:Infinity":45,"s:127:0:152:Infinity":46,"f:127:25:127:30":5,"b:128:2:131:Infinity:undefined:undefined:undefined:undefined":11,"s:128:2:131:Infinity":47,"s:129:4:129:Infinity":48,"s:130:4:130:Infinity":49,"s:133:2:151:Infinity":50,"b:134:4:138:Infinity:undefined:undefined:undefined:undefined":12,"s:134:4:138:Infinity":51,"s:135:6:135:Infinity":52,"s:136:6:136:Infinity":53,"s:137:6:137:Infinity":54,"s:140:4:140:Infinity":55,"s:142:4:148:Infinity":56,"b:146:16:146:27:146:31:146:52":13,"b:147:34:147:51:147:54:147:65":14,"s:149:4:149:Infinity":57,"s:150:4:150:Infinity":58},"fnNames":{}}}
,"/Users/yanguangchen/Documents/GitHub/DocuAlign/src/dashboard.js": {"path":"/Users/yanguangchen/Documents/GitHub/DocuAlign/src/dashboard.js","statementMap":{"0":{"start":{"line":11,"column":19},"end":{"line":11,"column":57}},"1":{"start":{"line":12,"column":18},"end":{"line":12,"column":56}},"2":{"start":{"line":13,"column":16},"end":{"line":13,"column":52}},"3":{"start":{"line":14,"column":15},"end":{"line":14,"column":58}},"4":{"start":{"line":15,"column":13},"end":{"line":15,"column":51}},"5":{"start":{"line":16,"column":20},"end":{"line":16,"column":59}},"6":{"start":{"line":18,"column":17},"end":{"line":18,"column":19}},"7":{"start":{"line":19,"column":20},"end":{"line":19,"column":24}},"8":{"start":{"line":21,"column":22},"end":{"line":24,"column":2}},"9":{"start":{"line":27,"column":2},"end":{"line":33,"column":null}},"10":{"start":{"line":27,"column":59},"end":{"line":33,"column":10}},"11":{"start":{"line":37,"column":2},"end":{"line":44,"column":null}},"12":{"start":{"line":38,"column":4},"end":{"line":38,"column":null}},"13":{"start":{"line":39,"column":4},"end":{"line":39,"column":null}},"14":{"start":{"line":40,"column":4},"end":{"line":40,"column":null}},"15":{"start":{"line":42,"column":4},"end":{"line":42,"column":null}},"16":{"start":{"line":43,"column":4},"end":{"line":43,"column":null}},"17":{"start":{"line":48,"column":16},"end":{"line":48,"column":79}},"18":{"start":{"line":49,"column":18},"end":{"line":51,"column":24}},"19":{"start":{"line":52,"column":22},"end":{"line":52,"column":46}},"20":{"start":{"line":53,"column":17},"end":{"line":55,"column":8}},"21":{"start":{"line":56,"column":18},"end":{"line":58,"column":8}},"22":{"start":{"line":60,"column":2},"end":{"line":72,"column":null}},"23":{"start":{"line":76,"column":18},"end":{"line":79,"column":4}},"24":{"start":{"line":81,"column":20},"end":{"line":81,"column":61}},"25":{"start":{"line":83,"column":2},"end":{"line":87,"column":null}},"26":{"start":{"line":84,"column":4},"end":{"line":84,"column":null}},"27":{"start":{"line":85,"column":4},"end":{"line":85,"column":null}},"28":{"start":{"line":86,"column":4},"end":{"line":86,"column":null}},"29":{"start":{"line":89,"column":2},"end":{"line":97,"column":null}},"30":{"start":{"line":90,"column":4},"end":{"line":90,"column":null}},"31":{"start":{"line":91,"column":4},"end":{"line":95,"column":null}},"32":{"start":{"line":96,"column":4},"end":{"line":96,"column":null}},"33":{"start":{"line":99,"column":2},"end":{"line":101,"column":null}},"34":{"start":{"line":102,"column":2},"end":{"line":102,"column":null}},"35":{"start":{"line":103,"column":2},"end":{"line":103,"column":null}},"36":{"start":{"line":107,"column":2},"end":{"line":107,"column":null}},"37":{"start":{"line":107,"column":34},"end":{"line":107,"column":null}},"38":{"start":{"line":108,"column":2},"end":{"line":108,"column":null}},"39":{"start":{"line":109,"column":2},"end":{"line":109,"column":null}},"40":{"start":{"line":110,"column":2},"end":{"line":110,"column":null}},"41":{"start":{"line":112,"column":2},"end":{"line":126,"column":null}},"42":{"start":{"line":113,"column":4},"end":{"line":113,"column":null}},"43":{"start":{"line":114,"column":4},"end":{"line":114,"column":null}},"44":{"start":{"line":116,"column":4},"end":{"line":116,"column":null}},"45":{"start":{"line":117,"column":4},"end":{"line":117,"column":null}},"46":{"start":{"line":118,"column":4},"end":{"line":125,"column":null}},"47":{"start":{"line":129,"column":0},"end":{"line":129,"column":null}},"48":{"start":{"line":130,"column":0},"end":{"line":133,"column":null}},"49":{"start":{"line":132,"column":2},"end":{"line":132,"column":null}},"50":{"start":{"line":135,"column":0},"end":{"line":145,"column":null}},"51":{"start":{"line":136,"column":2},"end":{"line":144,"column":null}},"52":{"start":{"line":137,"column":4},"end":{"line":137,"column":null}},"53":{"start":{"line":139,"column":4},"end":{"line":139,"column":null}},"54":{"start":{"line":140,"column":4},"end":{"line":140,"column":null}},"55":{"start":{"line":141,"column":4},"end":{"line":141,"column":null}},"56":{"start":{"line":142,"column":4},"end":{"line":142,"column":null}},"57":{"start":{"line":143,"column":4},"end":{"line":143,"column":null}}},"fnMap":{"0":{"name":"escapeHtml","decl":{"start":{"line":26,"column":16},"end":{"line":26,"column":26}},"loc":{"start":{"line":26,"column":34},"end":{"line":34,"column":null}},"line":26},"1":{"name":"(anonymous_1)","decl":{"start":{"line":27,"column":49},"end":{"line":27,"column":50}},"loc":{"start":{"line":27,"column":59},"end":{"line":33,"column":10}},"line":27},"2":{"name":"setStatus","decl":{"start":{"line":36,"column":16},"end":{"line":36,"column":25}},"loc":{"start":{"line":36,"column":35},"end":{"line":45,"column":null}},"line":36},"3":{"name":"reportCard","decl":{"start":{"line":47,"column":16},"end":{"line":47,"column":26}},"loc":{"start":{"line":47,"column":35},"end":{"line":73,"column":null}},"line":47},"4":{"name":"render","decl":{"start":{"line":75,"column":16},"end":{"line":75,"column":22}},"loc":{"start":{"line":75,"column":25},"end":{"line":104,"column":null}},"line":75},"5":{"name":"loadReports","decl":{"start":{"line":106,"column":22},"end":{"line":106,"column":33}},"loc":{"start":{"line":106,"column":40},"end":{"line":127,"column":null}},"line":106},"6":{"name":"(anonymous_6)","decl":{"start":{"line":130,"column":37},"end":{"line":130,"column":38}},"loc":{"start":{"line":130,"column":43},"end":{"line":133,"column":1}},"line":130},"7":{"name":"(anonymous_7)","decl":{"start":{"line":135,"column":25},"end":{"line":135,"column":26}},"loc":{"start":{"line":135,"column":35},"end":{"line":145,"column":1}},"line":135}},"branchMap":{"0":{"loc":{"start":{"line":27,"column":16},"end":{"line":27,"column":27}},"type":"binary-expr","locations":[{"start":{"line":27,"column":16},"end":{"line":27,"column":21}},{"start":{"line":27,"column":25},"end":{"line":27,"column":27}}],"line":27},"1":{"loc":{"start":{"line":37,"column":2},"end":{"line":44,"column":null}},"type":"if","locations":[{"start":{"line":37,"column":2},"end":{"line":44,"column":null}},{"start":{"line":41,"column":9},"end":{"line":44,"column":null}}],"line":37},"2":{"loc":{"start":{"line":48,"column":16},"end":{"line":48,"column":79}},"type":"binary-expr","locations":[{"start":{"line":48,"column":16},"end":{"line":48,"column":33}},{"start":{"line":48,"column":37},"end":{"line":48,"column":58}},{"start":{"line":48,"column":62},"end":{"line":48,"column":79}}],"line":48},"3":{"loc":{"start":{"line":49,"column":18},"end":{"line":51,"column":24}},"type":"cond-expr","locations":[{"start":{"line":50,"column":6},"end":{"line":50,"column":null}},{"start":{"line":51,"column":6},"end":{"line":51,"column":24}}],"line":49},"4":{"loc":{"start":{"line":52,"column":22},"end":{"line":52,"column":46}},"type":"binary-expr","locations":[{"start":{"line":52,"column":22},"end":{"line":52,"column":35}},{"start":{"line":52,"column":39},"end":{"line":52,"column":46}}],"line":52},"5":{"loc":{"start":{"line":53,"column":17},"end":{"line":55,"column":8}},"type":"cond-expr","locations":[{"start":{"line":54,"column":6},"end":{"line":54,"column":null}},{"start":{"line":55,"column":6},"end":{"line":55,"column":8}}],"line":53},"6":{"loc":{"start":{"line":56,"column":18},"end":{"line":58,"column":8}},"type":"cond-expr","locations":[{"start":{"line":57,"column":6},"end":{"line":57,"column":null}},{"start":{"line":58,"column":6},"end":{"line":58,"column":8}}],"line":56},"7":{"loc":{"start":{"line":81,"column":28},"end":{"line":81,"column":60}},"type":"binary-expr","locations":[{"start":{"line":81,"column":28},"end":{"line":81,"column":43}},{"start":{"line":81,"column":47},"end":{"line":81,"column":60}}],"line":81},"8":{"loc":{"start":{"line":83,"column":2},"end":{"line":87,"column":null}},"type":"if","locations":[{"start":{"line":83,"column":2},"end":{"line":87,"column":null}},{"start":{},"end":{}}],"line":83},"9":{"loc":{"start":{"line":89,"column":2},"end":{"line":97,"column":null}},"type":"if","locations":[{"start":{"line":89,"column":2},"end":{"line":97,"column":null}},{"start":{},"end":{}}],"line":89},"10":{"loc":{"start":{"line":92,"column":6},"end":{"line":94,"column":33}},"type":"cond-expr","locations":[{"start":{"line":93,"column":10},"end":{"line":93,"column":null}},{"start":{"line":94,"column":10},"end":{"line":94,"column":33}}],"line":92},"11":{"loc":{"start":{"line":99,"column":28},"end":{"line":101,"column":78}},"type":"cond-expr","locations":[{"start":{"line":100,"column":6},"end":{"line":100,"column":null}},{"start":{"line":101,"column":6},"end":{"line":101,"column":78}}],"line":99},"12":{"loc":{"start":{"line":101,"column":30},"end":{"line":101,"column":76}},"type":"cond-expr","locations":[{"start":{"line":101,"column":56},"end":{"line":101,"column":64}},{"start":{"line":101,"column":67},"end":{"line":101,"column":76}}],"line":101},"13":{"loc":{"start":{"line":107,"column":2},"end":{"line":107,"column":null}},"type":"if","locations":[{"start":{"line":107,"column":2},"end":{"line":107,"column":null}},{"start":{},"end":{}}],"line":107},"14":{"loc":{"start":{"line":123,"column":16},"end":{"line":123,"column":52}},"type":"binary-expr","locations":[{"start":{"line":123,"column":16},"end":{"line":123,"column":27}},{"start":{"line":123,"column":31},"end":{"line":123,"column":52}}],"line":123},"15":{"loc":{"start":{"line":124,"column":22},"end":{"line":124,"column":65}},"type":"cond-expr","locations":[{"start":{"line":124,"column":34},"end":{"line":124,"column":51}},{"start":{"line":124,"column":54},"end":{"line":124,"column":65}}],"line":124},"16":{"loc":{"start":{"line":136,"column":2},"end":{"line":144,"column":null}},"type":"if","locations":[{"start":{"line":136,"column":2},"end":{"line":144,"column":null}},{"start":{"line":138,"column":9},"end":{"line":144,"column":null}}],"line":136}},"s":{"0":14,"1":14,"2":14,"3":14,"4":14,"5":14,"6":14,"7":14,"8":14,"9":35,"10":9,"11":22,"12":15,"13":15,"14":15,"15":7,"16":7,"17":10,"18":10,"19":10,"20":10,"21":10,"22":10,"23":11,"24":11,"25":11,"26":3,"27":3,"28":3,"29":8,"30":2,"31":2,"32":2,"33":6,"34":11,"35":11,"36":8,"37":1,"38":7,"39":7,"40":7,"41":7,"42":7,"43":6,"44":1,"45":1,"46":1,"47":14,"48":14,"49":1,"50":14,"51":6,"52":5,"53":1,"54":1,"55":1,"56":1,"57":1},"f":{"0":35,"1":9,"2":22,"3":10,"4":11,"5":8,"6":1,"7":6},"b":{"0":[35,2],"1":[15,7],"2":[10,1,1],"3":[1,9],"4":[10,9],"5":[1,9],"6":[1,9],"7":[11,9],"8":[3,8],"9":[2,6],"10":[1,1],"11":[1,5],"12":[3,2],"13":[1,7],"14":[1,1],"15":[1,0],"16":[5,1]},"meta":{"lastBranch":17,"lastFunction":8,"lastStatement":58,"seen":{"s:11:19:11:57":0,"s:12:18:12:56":1,"s:13:16:13:52":2,"s:14:15:14:58":3,"s:15:13:15:51":4,"s:16:20:16:59":5,"s:18:17:18:19":6,"s:19:20:19:24":7,"s:21:22:24:2":8,"f:26:16:26:26":0,"s:27:2:33:Infinity":9,"b:27:16:27:21:27:25:27:27":0,"f:27:49:27:50":1,"s:27:59:33:10":10,"f:36:16:36:25":2,"b:37:2:44:Infinity:41:9:44:Infinity":1,"s:37:2:44:Infinity":11,"s:38:4:38:Infinity":12,"s:39:4:39:Infinity":13,"s:40:4:40:Infinity":14,"s:42:4:42:Infinity":15,"s:43:4:43:Infinity":16,"f:47:16:47:26":3,"s:48:16:48:79":17,"b:48:16:48:33:48:37:48:58:48:62:48:79":2,"s:49:18:51:24":18,"b:50:6:50:Infinity:51:6:51:24":3,"s:52:22:52:46":19,"b:52:22:52:35:52:39:52:46":4,"s:53:17:55:8":20,"b:54:6:54:Infinity:55:6:55:8":5,"s:56:18:58:8":21,"b:57:6:57:Infinity:58:6:58:8":6,"s:60:2:72:Infinity":22,"f:75:16:75:22":4,"s:76:18:79:4":23,"s:81:20:81:61":24,"b:81:28:81:43:81:47:81:60":7,"b:83:2:87:Infinity:undefined:undefined:undefined:undefined":8,"s:83:2:87:Infinity":25,"s:84:4:84:Infinity":26,"s:85:4:85:Infinity":27,"s:86:4:86:Infinity":28,"b:89:2:97:Infinity:undefined:undefined:undefined:undefined":9,"s:89:2:97:Infinity":29,"s:90:4:90:Infinity":30,"s:91:4:95:Infinity":31,"b:93:10:93:Infinity:94:10:94:33":10,"s:96:4:96:Infinity":32,"s:99:2:101:Infinity":33,"b:100:6:100:Infinity:101:6:101:78":11,"b:101:56:101:64:101:67:101:76":12,"s:102:2:102:Infinity":34,"s:103:2:103:Infinity":35,"f:106:22:106:33":5,"b:107:2:107:Infinity:undefined:undefined:undefined:undefined":13,"s:107:2:107:Infinity":36,"s:107:34:107:Infinity":37,"s:108:2:108:Infinity":38,"s:109:2:109:Infinity":39,"s:110:2:110:Infinity":40,"s:112:2:126:Infinity":41,"s:113:4:113:Infinity":42,"s:114:4:114:Infinity":43,"s:116:4:116:Infinity":44,"s:117:4:117:Infinity":45,"s:118:4:125:Infinity":46,"b:123:16:123:27:123:31:123:52":14,"b:124:34:124:51:124:54:124:65":15,"s:129:0:129:Infinity":47,"s:130:0:133:Infinity":48,"f:130:37:130:38":6,"s:132:2:132:Infinity":49,"s:135:0:145:Infinity":50,"f:135:25:135:26":7,"b:136:2:144:Infinity:138:9:144:Infinity":16,"s:136:2:144:Infinity":51,"s:137:4:137:Infinity":52,"s:139:4:139:Infinity":53,"s:140:4:140:Infinity":54,"s:141:4:141:Infinity":55,"s:142:4:142:Infinity":56,"s:143:4:143:Infinity":57},"fnNames":{}}}
,"/Users/yanguangchen/Documents/GitHub/DocuAlign/src/save-report.js": {"path":"/Users/yanguangchen/Documents/GitHub/DocuAlign/src/save-report.js","statementMap":{"0":{"start":{"line":10,"column":18},"end":{"line":10,"column":55}},"1":{"start":{"line":11,"column":17},"end":{"line":11,"column":53}},"2":{"start":{"line":12,"column":17},"end":{"line":12,"column":52}},"3":{"start":{"line":14,"column":18},"end":{"line":14,"column":22}},"4":{"start":{"line":16,"column":0},"end":{"line":18,"column":null}},"5":{"start":{"line":17,"column":2},"end":{"line":17,"column":null}},"6":{"start":{"line":21,"column":2},"end":{"line":26,"column":null}},"7":{"start":{"line":30,"column":2},"end":{"line":30,"column":null}},"8":{"start":{"line":30,"column":17},"end":{"line":30,"column":null}},"9":{"start":{"line":31,"column":2},"end":{"line":31,"column":null}},"10":{"start":{"line":32,"column":2},"end":{"line":32,"column":null}},"11":{"start":{"line":35,"column":0},"end":{"line":70,"column":null}},"12":{"start":{"line":36,"column":17},"end":{"line":36,"column":46}},"13":{"start":{"line":37,"column":2},"end":{"line":40,"column":null}},"14":{"start":{"line":38,"column":4},"end":{"line":38,"column":null}},"15":{"start":{"line":39,"column":4},"end":{"line":39,"column":null}},"16":{"start":{"line":42,"column":2},"end":{"line":45,"column":null}},"17":{"start":{"line":43,"column":4},"end":{"line":43,"column":null}},"18":{"start":{"line":44,"column":4},"end":{"line":44,"column":null}},"19":{"start":{"line":47,"column":2},"end":{"line":47,"column":null}},"20":{"start":{"line":48,"column":2},"end":{"line":48,"column":null}},"21":{"start":{"line":50,"column":2},"end":{"line":69,"column":null}},"22":{"start":{"line":51,"column":4},"end":{"line":56,"column":null}},"23":{"start":{"line":57,"column":4},"end":{"line":57,"column":null}},"24":{"start":{"line":59,"column":4},"end":{"line":59,"column":null}},"25":{"start":{"line":60,"column":4},"end":{"line":60,"column":null}},"26":{"start":{"line":61,"column":4},"end":{"line":68,"column":null}}},"fnMap":{"0":{"name":"(anonymous_0)","decl":{"start":{"line":16,"column":25},"end":{"line":16,"column":26}},"loc":{"start":{"line":16,"column":35},"end":{"line":18,"column":1}},"line":16},"1":{"name":"reportNameFromSource","decl":{"start":{"line":20,"column":16},"end":{"line":20,"column":36}},"loc":{"start":{"line":20,"column":45},"end":{"line":27,"column":null}},"line":20},"2":{"name":"setFeedback","decl":{"start":{"line":29,"column":16},"end":{"line":29,"column":27}},"loc":{"start":{"line":29,"column":37},"end":{"line":33,"column":null}},"line":29},"3":{"name":"(anonymous_3)","decl":{"start":{"line":35,"column":37},"end":{"line":35,"column":42}},"loc":{"start":{"line":35,"column":49},"end":{"line":70,"column":1}},"line":35}},"branchMap":{"0":{"loc":{"start":{"line":22,"column":4},"end":{"line":25,"column":null}},"type":"binary-expr","locations":[{"start":{"line":22,"column":4},"end":{"line":25,"column":30}},{"start":{"line":25,"column":34},"end":{"line":25,"column":null}}],"line":22},"1":{"loc":{"start":{"line":30,"column":2},"end":{"line":30,"column":null}},"type":"if","locations":[{"start":{"line":30,"column":2},"end":{"line":30,"column":null}},{"start":{},"end":{}}],"line":30},"2":{"loc":{"start":{"line":37,"column":2},"end":{"line":40,"column":null}},"type":"if","locations":[{"start":{"line":37,"column":2},"end":{"line":40,"column":null}},{"start":{},"end":{}}],"line":37},"3":{"loc":{"start":{"line":42,"column":2},"end":{"line":45,"column":null}},"type":"if","locations":[{"start":{"line":42,"column":2},"end":{"line":45,"column":null}},{"start":{},"end":{}}],"line":42},"4":{"loc":{"start":{"line":55,"column":17},"end":{"line":55,"column":42}},"type":"binary-expr","locations":[{"start":{"line":55,"column":17},"end":{"line":55,"column":34}},{"start":{"line":55,"column":38},"end":{"line":55,"column":42}}],"line":55},"5":{"loc":{"start":{"line":67,"column":16},"end":{"line":67,"column":53}},"type":"binary-expr","locations":[{"start":{"line":67,"column":16},"end":{"line":67,"column":27}},{"start":{"line":67,"column":31},"end":{"line":67,"column":53}}],"line":67}},"s":{"0":8,"1":8,"2":8,"3":8,"4":8,"5":4,"6":8,"7":10,"8":1,"9":9,"10":9,"11":8,"12":5,"13":5,"14":1,"15":1,"16":4,"17":1,"18":1,"19":3,"20":3,"21":3,"22":3,"23":2,"24":1,"25":1,"26":1},"f":{"0":4,"1":8,"2":10,"3":5},"b":{"0":[8,1],"1":[1,9],"2":[1,4],"3":[1,3],"4":[3,1],"5":[1,1]},"meta":{"lastBranch":6,"lastFunction":4,"lastStatement":27,"seen":{"s:10:18:10:55":0,"s:11:17:11:53":1,"s:12:17:12:52":2,"s:14:18:14:22":3,"s:16:0:18:Infinity":4,"f:16:25:16:26":0,"s:17:2:17:Infinity":5,"f:20:16:20:36":1,"s:21:2:26:Infinity":6,"b:22:4:25:30:25:34:25:Infinity":0,"f:29:16:29:27":2,"b:30:2:30:Infinity:undefined:undefined:undefined:undefined":1,"s:30:2:30:Infinity":7,"s:30:17:30:Infinity":8,"s:31:2:31:Infinity":9,"s:32:2:32:Infinity":10,"s:35:0:70:Infinity":11,"f:35:37:35:42":3,"s:36:17:36:46":12,"b:37:2:40:Infinity:undefined:undefined:undefined:undefined":2,"s:37:2:40:Infinity":13,"s:38:4:38:Infinity":14,"s:39:4:39:Infinity":15,"b:42:2:45:Infinity:undefined:undefined:undefined:undefined":3,"s:42:2:45:Infinity":16,"s:43:4:43:Infinity":17,"s:44:4:44:Infinity":18,"s:47:2:47:Infinity":19,"s:48:2:48:Infinity":20,"s:50:2:69:Infinity":21,"s:51:4:56:Infinity":22,"b:55:17:55:34:55:38:55:42":4,"s:57:4:57:Infinity":23,"s:59:4:59:Infinity":24,"s:60:4:60:Infinity":25,"s:61:4:68:Infinity":26,"b:67:16:67:27:67:31:67:53":5},"fnNames":{}}}
,"/Users/yanguangchen/Documents/GitHub/DocuAlign/src/lib/excel-mapping.js": {"path":"/Users/yanguangchen/Documents/GitHub/DocuAlign/src/lib/excel-mapping.js","statementMap":{"0":{"start":{"line":8,"column":34},"end":{"line":14,"column":1}},"1":{"start":{"line":22,"column":2},"end":{"line":22,"column":null}},"2":{"start":{"line":22,"column":46},"end":{"line":22,"column":83}},"3":{"start":{"line":31,"column":2},"end":{"line":31,"column":null}},"4":{"start":{"line":31,"column":46},"end":{"line":31,"column":79}},"5":{"start":{"line":39,"column":17},"end":{"line":39,"column":26}},"6":{"start":{"line":40,"column":2},"end":{"line":47,"column":null}},"7":{"start":{"line":41,"column":4},"end":{"line":46,"column":null}},"8":{"start":{"line":42,"column":20},"end":{"line":42,"column":64}},"9":{"start":{"line":43,"column":6},"end":{"line":45,"column":null}},"10":{"start":{"line":44,"column":8},"end":{"line":44,"column":null}},"11":{"start":{"line":48,"column":2},"end":{"line":48,"column":null}},"12":{"start":{"line":57,"column":20},"end":{"line":57,"column":22}},"13":{"start":{"line":58,"column":2},"end":{"line":64,"column":null}},"14":{"start":{"line":59,"column":4},"end":{"line":63,"column":null}},"15":{"start":{"line":60,"column":6},"end":{"line":62,"column":null}},"16":{"start":{"line":61,"column":8},"end":{"line":61,"column":null}},"17":{"start":{"line":65,"column":2},"end":{"line":65,"column":null}},"18":{"start":{"line":74,"column":22},"end":{"line":79,"column":4}},"19":{"start":{"line":76,"column":16},"end":{"line":76,"column":31}},"20":{"start":{"line":78,"column":4},"end":{"line":78,"column":null}},"21":{"start":{"line":81,"column":2},"end":{"line":84,"column":null}}},"fnMap":{"0":{"name":"getMappingsByPage","decl":{"start":{"line":21,"column":16},"end":{"line":21,"column":33}},"loc":{"start":{"line":21,"column":46},"end":{"line":23,"column":null}},"line":21},"1":{"name":"(anonymous_1)","decl":{"start":{"line":22,"column":35},"end":{"line":22,"column":36}},"loc":{"start":{"line":22,"column":46},"end":{"line":22,"column":83}},"line":22},"2":{"name":"getMappingsBySection","decl":{"start":{"line":30,"column":16},"end":{"line":30,"column":36}},"loc":{"start":{"line":30,"column":50},"end":{"line":32,"column":null}},"line":30},"3":{"name":"(anonymous_3)","decl":{"start":{"line":31,"column":35},"end":{"line":31,"column":36}},"loc":{"start":{"line":31,"column":46},"end":{"line":31,"column":79}},"line":31},"4":{"name":"getSheetNames","decl":{"start":{"line":38,"column":16},"end":{"line":38,"column":29}},"loc":{"start":{"line":38,"column":32},"end":{"line":49,"column":null}},"line":38},"5":{"name":"(anonymous_5)","decl":{"start":{"line":40,"column":29},"end":{"line":40,"column":30}},"loc":{"start":{"line":40,"column":40},"end":{"line":47,"column":3}},"line":40},"6":{"name":"extractMappedReport","decl":{"start":{"line":56,"column":16},"end":{"line":56,"column":35}},"loc":{"start":{"line":56,"column":56},"end":{"line":66,"column":null}},"line":56},"7":{"name":"(anonymous_7)","decl":{"start":{"line":58,"column":29},"end":{"line":58,"column":30}},"loc":{"start":{"line":58,"column":40},"end":{"line":64,"column":3}},"line":58},"8":{"name":"validateFullReportStructure","decl":{"start":{"line":73,"column":16},"end":{"line":73,"column":43}},"loc":{"start":{"line":73,"column":61},"end":{"line":85,"column":null}},"line":73},"9":{"name":"(anonymous_9)","decl":{"start":{"line":74,"column":55},"end":{"line":74,"column":56}},"loc":{"start":{"line":74,"column":64},"end":{"line":79,"column":3}},"line":74}},"branchMap":{"0":{"loc":{"start":{"line":41,"column":4},"end":{"line":46,"column":null}},"type":"if","locations":[{"start":{"line":41,"column":4},"end":{"line":46,"column":null}},{"start":{},"end":{}}],"line":41},"1":{"loc":{"start":{"line":43,"column":6},"end":{"line":45,"column":null}},"type":"if","locations":[{"start":{"line":43,"column":6},"end":{"line":45,"column":null}},{"start":{},"end":{}}],"line":43},"2":{"loc":{"start":{"line":43,"column":10},"end":{"line":43,"column":27}},"type":"binary-expr","locations":[{"start":{"line":43,"column":10},"end":{"line":43,"column":15}},{"start":{"line":43,"column":19},"end":{"line":43,"column":27}}],"line":43},"3":{"loc":{"start":{"line":56,"column":36},"end":{"line":56,"column":54}},"type":"default-arg","locations":[{"start":{"line":56,"column":52},"end":{"line":56,"column":54}}],"line":56},"4":{"loc":{"start":{"line":59,"column":4},"end":{"line":63,"column":null}},"type":"if","locations":[{"start":{"line":59,"column":4},"end":{"line":63,"column":null}},{"start":{},"end":{}}],"line":59},"5":{"loc":{"start":{"line":59,"column":8},"end":{"line":59,"column":49}},"type":"binary-expr","locations":[{"start":{"line":59,"column":8},"end":{"line":59,"column":27}},{"start":{"line":59,"column":31},"end":{"line":59,"column":49}}],"line":59},"6":{"loc":{"start":{"line":60,"column":6},"end":{"line":62,"column":null}},"type":"if","locations":[{"start":{"line":60,"column":6},"end":{"line":62,"column":null}},{"start":{},"end":{}}],"line":60},"7":{"loc":{"start":{"line":73,"column":44},"end":{"line":73,"column":59}},"type":"default-arg","locations":[{"start":{"line":73,"column":57},"end":{"line":73,"column":59}}],"line":73},"8":{"loc":{"start":{"line":78,"column":11},"end":{"line":78,"column":58}},"type":"binary-expr","locations":[{"start":{"line":78,"column":11},"end":{"line":78,"column":23}},{"start":{"line":78,"column":27},"end":{"line":78,"column":44}},{"start":{"line":78,"column":48},"end":{"line":78,"column":58}}],"line":78}},"s":{"0":1,"1":3,"2":198,"3":2,"4":132,"5":1,"6":1,"7":66,"8":66,"9":66,"10":66,"11":1,"12":1,"13":1,"14":66,"15":66,"16":3,"17":1,"18":2,"19":10,"20":10,"21":2},"f":{"0":3,"1":198,"2":2,"3":132,"4":1,"5":66,"6":1,"7":66,"8":2,"9":10},"b":{"0":[66,0],"1":[66,0],"2":[66,66],"3":[1],"4":[66,0],"5":[66,66],"6":[3,63],"7":[2],"8":[10,10,6]},"meta":{"lastBranch":9,"lastFunction":10,"lastStatement":22,"seen":{"s:8:34:14:1":0,"f:21:16:21:33":0,"s:22:2:22:Infinity":1,"f:22:35:22:36":1,"s:22:46:22:83":2,"f:30:16:30:36":2,"s:31:2:31:Infinity":3,"f:31:35:31:36":3,"s:31:46:31:79":4,"f:38:16:38:29":4,"s:39:17:39:26":5,"s:40:2:47:Infinity":6,"f:40:29:40:30":5,"b:41:4:46:Infinity:undefined:undefined:undefined:undefined":0,"s:41:4:46:Infinity":7,"s:42:20:42:64":8,"b:43:6:45:Infinity:undefined:undefined:undefined:undefined":1,"s:43:6:45:Infinity":9,"b:43:10:43:15:43:19:43:27":2,"s:44:8:44:Infinity":10,"s:48:2:48:Infinity":11,"f:56:16:56:35":6,"b:56:52:56:54":3,"s:57:20:57:22":12,"s:58:2:64:Infinity":13,"f:58:29:58:30":7,"b:59:4:63:Infinity:undefined:undefined:undefined:undefined":4,"s:59:4:63:Infinity":14,"b:59:8:59:27:59:31:59:49":5,"b:60:6:62:Infinity:undefined:undefined:undefined:undefined":6,"s:60:6:62:Infinity":15,"s:61:8:61:Infinity":16,"s:65:2:65:Infinity":17,"f:73:16:73:43":8,"b:73:57:73:59":7,"s:74:22:79:4":18,"f:74:55:74:56":9,"s:76:16:76:31":19,"s:78:4:78:Infinity":20,"b:78:11:78:23:78:27:78:44:78:48:78:58":8,"s:81:2:84:Infinity":21},"fnNames":{}}}
,"/Users/yanguangchen/Documents/GitHub/DocuAlign/src/lib/firebase.js": {"path":"/Users/yanguangchen/Documents/GitHub/DocuAlign/src/lib/firebase.js","statementMap":{"0":{"start":{"line":14,"column":30},"end":{"line":22,"column":1}},"1":{"start":{"line":25,"column":18},"end":{"line":25,"column":84}},"2":{"start":{"line":28,"column":17},"end":{"line":28,"column":35}},"3":{"start":{"line":29,"column":19},"end":{"line":29,"column":32}},"4":{"start":{"line":30,"column":22},"end":{"line":30,"column":38}},"5":{"start":{"line":33,"column":23},"end":{"line":33,"column":27}},"6":{"start":{"line":35,"column":37},"end":{"line":37,"column":1}},"7":{"start":{"line":36,"column":2},"end":{"line":36,"column":null}},"8":{"start":{"line":39,"column":31},"end":{"line":49,"column":1}},"9":{"start":{"line":40,"column":2},"end":{"line":47,"column":null}},"10":{"start":{"line":41,"column":4},"end":{"line":46,"column":null}},"11":{"start":{"line":42,"column":6},"end":{"line":44,"column":null}},"12":{"start":{"line":43,"column":8},"end":{"line":43,"column":null}},"13":{"start":{"line":45,"column":6},"end":{"line":45,"column":null}},"14":{"start":{"line":46,"column":19},"end":{"line":46,"column":23}},"15":{"start":{"line":48,"column":2},"end":{"line":48,"column":null}}},"fnMap":{"0":{"name":"(anonymous_0)","decl":{"start":{"line":35,"column":37},"end":{"line":35,"column":38}},"loc":{"start":{"line":35,"column":43},"end":{"line":37,"column":1}},"line":35},"1":{"name":"(anonymous_1)","decl":{"start":{"line":39,"column":31},"end":{"line":39,"column":32}},"loc":{"start":{"line":39,"column":37},"end":{"line":49,"column":1}},"line":39},"2":{"name":"(anonymous_2)","decl":{"start":{"line":41,"column":52},"end":{"line":41,"column":53}},"loc":{"start":{"line":41,"column":67},"end":{"line":46,"column":5}},"line":41},"3":{"name":"(anonymous_3)","decl":{"start":{"line":46,"column":13},"end":{"line":46,"column":14}},"loc":{"start":{"line":46,"column":19},"end":{"line":46,"column":23}},"line":46}},"branchMap":{"0":{"loc":{"start":{"line":25,"column":18},"end":{"line":25,"column":84}},"type":"cond-expr","locations":[{"start":{"line":25,"column":43},"end":{"line":25,"column":73}},{"start":{"line":25,"column":75},"end":{"line":25,"column":84}}],"line":25},"1":{"loc":{"start":{"line":40,"column":2},"end":{"line":47,"column":null}},"type":"if","locations":[{"start":{"line":40,"column":2},"end":{"line":47,"column":null}},{"start":{},"end":{}}],"line":40},"2":{"loc":{"start":{"line":42,"column":6},"end":{"line":44,"column":null}},"type":"if","locations":[{"start":{"line":42,"column":6},"end":{"line":44,"column":null}},{"start":{},"end":{}}],"line":42}},"s":{"0":2,"1":2,"2":2,"3":2,"4":2,"5":2,"6":2,"7":10,"8":2,"9":5,"10":4,"11":3,"12":1,"13":2,"14":1,"15":5},"f":{"0":10,"1":5,"2":3,"3":1},"b":{"0":[1,1],"1":[4,1],"2":[1,2]},"meta":{"lastBranch":3,"lastFunction":4,"lastStatement":16,"seen":{"s:14:30:22:1":0,"s:25:18:25:84":1,"b:25:43:25:73:25:75:25:84":0,"s:28:17:28:35":2,"s:29:19:29:32":3,"s:30:22:30:38":4,"s:33:23:33:27":5,"s:35:37:37:1":6,"f:35:37:35:38":0,"s:36:2:36:Infinity":7,"s:39:31:49:1":8,"f:39:31:39:32":1,"b:40:2:47:Infinity:undefined:undefined:undefined:undefined":1,"s:40:2:47:Infinity":9,"s:41:4:46:Infinity":10,"f:41:52:41:53":2,"b:42:6:44:Infinity:undefined:undefined:undefined:undefined":2,"s:42:6:44:Infinity":11,"s:43:8:43:Infinity":12,"s:45:6:45:Infinity":13,"f:46:13:46:14":3,"s:46:19:46:23":14,"s:48:2:48:Infinity":15},"fnNames":{}}}
,"/Users/yanguangchen/Documents/GitHub/DocuAlign/src/lib/reports.js": {"path":"/Users/yanguangchen/Documents/GitHub/DocuAlign/src/lib/reports.js","statementMap":{"0":{"start":{"line":16,"column":40},"end":{"line":16,"column":58}},"1":{"start":{"line":21,"column":2},"end":{"line":21,"column":null}},"2":{"start":{"line":21,"column":14},"end":{"line":21,"column":null}},"3":{"start":{"line":22,"column":2},"end":{"line":22,"column":null}},"4":{"start":{"line":22,"column":29},"end":{"line":22,"column":null}},"5":{"start":{"line":23,"column":2},"end":{"line":23,"column":null}},"6":{"start":{"line":23,"column":42},"end":{"line":23,"column":null}},"7":{"start":{"line":24,"column":17},"end":{"line":24,"column":32}},"8":{"start":{"line":25,"column":2},"end":{"line":25,"column":null}},"9":{"start":{"line":30,"column":2},"end":{"line":30,"column":null}},"10":{"start":{"line":30,"column":19},"end":{"line":30,"column":null}},"11":{"start":{"line":31,"column":15},"end":{"line":31,"column":49}},"12":{"start":{"line":32,"column":2},"end":{"line":32,"column":null}},"13":{"start":{"line":37,"column":2},"end":{"line":37,"column":null}},"14":{"start":{"line":37,"column":19},"end":{"line":37,"column":null}},"15":{"start":{"line":38,"column":15},"end":{"line":38,"column":53}},"16":{"start":{"line":39,"column":2},"end":{"line":39,"column":null}},"17":{"start":{"line":46,"column":20},"end":{"line":46,"column":36}},"18":{"start":{"line":47,"column":18},"end":{"line":47,"column":30}},"19":{"start":{"line":49,"column":2},"end":{"line":49,"column":null}},"20":{"start":{"line":49,"column":30},"end":{"line":49,"column":null}},"21":{"start":{"line":51,"column":2},"end":{"line":57,"column":null}},"22":{"start":{"line":52,"column":24},"end":{"line":52,"column":48}},"23":{"start":{"line":53,"column":4},"end":{"line":53,"column":null}},"24":{"start":{"line":53,"column":22},"end":{"line":53,"column":null}},"25":{"start":{"line":54,"column":4},"end":{"line":54,"column":null}},"26":{"start":{"line":54,"column":46},"end":{"line":54,"column":null}},"27":{"start":{"line":55,"column":4},"end":{"line":55,"column":null}},"28":{"start":{"line":55,"column":42},"end":{"line":55,"column":null}},"29":{"start":{"line":56,"column":4},"end":{"line":56,"column":null}},"30":{"start":{"line":63,"column":2},"end":{"line":66,"column":null}},"31":{"start":{"line":71,"column":22},"end":{"line":74,"column":3}},"32":{"start":{"line":75,"column":19},"end":{"line":75,"column":46}},"33":{"start":{"line":76,"column":2},"end":{"line":79,"column":null}},"34":{"start":{"line":77,"column":17},"end":{"line":77,"column":32}},"35":{"start":{"line":78,"column":4},"end":{"line":78,"column":null}}},"fnMap":{"0":{"name":"toDate","decl":{"start":{"line":20,"column":16},"end":{"line":20,"column":22}},"loc":{"start":{"line":20,"column":30},"end":{"line":26,"column":null}},"line":20},"1":{"name":"startOfDay","decl":{"start":{"line":29,"column":9},"end":{"line":29,"column":19}},"loc":{"start":{"line":29,"column":32},"end":{"line":33,"column":null}},"line":29},"2":{"name":"endOfDay","decl":{"start":{"line":36,"column":9},"end":{"line":36,"column":17}},"loc":{"start":{"line":36,"column":30},"end":{"line":40,"column":null}},"line":36},"3":{"name":"filterReportsByDate","decl":{"start":{"line":45,"column":16},"end":{"line":45,"column":35}},"loc":{"start":{"line":45,"column":64},"end":{"line":58,"column":null}},"line":45},"4":{"name":"(anonymous_4)","decl":{"start":{"line":51,"column":24},"end":{"line":51,"column":25}},"loc":{"start":{"line":51,"column":36},"end":{"line":57,"column":3}},"line":51},"5":{"name":"saveReport","decl":{"start":{"line":62,"column":16},"end":{"line":62,"column":26}},"loc":{"start":{"line":62,"column":45},"end":{"line":67,"column":null}},"line":62},"6":{"name":"fetchReports","decl":{"start":{"line":70,"column":22},"end":{"line":70,"column":34}},"loc":{"start":{"line":70,"column":45},"end":{"line":80,"column":null}},"line":70},"7":{"name":"(anonymous_7)","decl":{"start":{"line":76,"column":27},"end":{"line":76,"column":28}},"loc":{"start":{"line":76,"column":41},"end":{"line":79,"column":3}},"line":76}},"branchMap":{"0":{"loc":{"start":{"line":21,"column":2},"end":{"line":21,"column":null}},"type":"if","locations":[{"start":{"line":21,"column":2},"end":{"line":21,"column":null}},{"start":{},"end":{}}],"line":21},"1":{"loc":{"start":{"line":22,"column":2},"end":{"line":22,"column":null}},"type":"if","locations":[{"start":{"line":22,"column":2},"end":{"line":22,"column":null}},{"start":{},"end":{}}],"line":22},"2":{"loc":{"start":{"line":22,"column":36},"end":{"line":22,"column":80}},"type":"cond-expr","locations":[{"start":{"line":22,"column":68},"end":{"line":22,"column":72}},{"start":{"line":22,"column":75},"end":{"line":22,"column":80}}],"line":22},"3":{"loc":{"start":{"line":23,"column":2},"end":{"line":23,"column":null}},"type":"if","locations":[{"start":{"line":23,"column":2},"end":{"line":23,"column":null}},{"start":{},"end":{}}],"line":23},"4":{"loc":{"start":{"line":25,"column":9},"end":{"line":25,"column":55}},"type":"cond-expr","locations":[{"start":{"line":25,"column":42},"end":{"line":25,"column":46}},{"start":{"line":25,"column":49},"end":{"line":25,"column":55}}],"line":25},"5":{"loc":{"start":{"line":30,"column":2},"end":{"line":30,"column":null}},"type":"if","locations":[{"start":{"line":30,"column":2},"end":{"line":30,"column":null}},{"start":{},"end":{}}],"line":30},"6":{"loc":{"start":{"line":32,"column":9},"end":{"line":32,"column":51}},"type":"cond-expr","locations":[{"start":{"line":32,"column":40},"end":{"line":32,"column":44}},{"start":{"line":32,"column":47},"end":{"line":32,"column":51}}],"line":32},"7":{"loc":{"start":{"line":37,"column":2},"end":{"line":37,"column":null}},"type":"if","locations":[{"start":{"line":37,"column":2},"end":{"line":37,"column":null}},{"start":{},"end":{}}],"line":37},"8":{"loc":{"start":{"line":39,"column":9},"end":{"line":39,"column":51}},"type":"cond-expr","locations":[{"start":{"line":39,"column":40},"end":{"line":39,"column":44}},{"start":{"line":39,"column":47},"end":{"line":39,"column":51}}],"line":39},"9":{"loc":{"start":{"line":45,"column":45},"end":{"line":45,"column":62}},"type":"default-arg","locations":[{"start":{"line":45,"column":60},"end":{"line":45,"column":62}}],"line":45},"10":{"loc":{"start":{"line":49,"column":2},"end":{"line":49,"column":null}},"type":"if","locations":[{"start":{"line":49,"column":2},"end":{"line":49,"column":null}},{"start":{},"end":{}}],"line":49},"11":{"loc":{"start":{"line":49,"column":6},"end":{"line":49,"column":28}},"type":"binary-expr","locations":[{"start":{"line":49,"column":6},"end":{"line":49,"column":16}},{"start":{"line":49,"column":20},"end":{"line":49,"column":28}}],"line":49},"12":{"loc":{"start":{"line":53,"column":4},"end":{"line":53,"column":null}},"type":"if","locations":[{"start":{"line":53,"column":4},"end":{"line":53,"column":null}},{"start":{},"end":{}}],"line":53},"13":{"loc":{"start":{"line":54,"column":4},"end":{"line":54,"column":null}},"type":"if","locations":[{"start":{"line":54,"column":4},"end":{"line":54,"column":null}},{"start":{},"end":{}}],"line":54},"14":{"loc":{"start":{"line":54,"column":8},"end":{"line":54,"column":44}},"type":"binary-expr","locations":[{"start":{"line":54,"column":8},"end":{"line":54,"column":17}},{"start":{"line":54,"column":21},"end":{"line":54,"column":44}}],"line":54},"15":{"loc":{"start":{"line":55,"column":4},"end":{"line":55,"column":null}},"type":"if","locations":[{"start":{"line":55,"column":4},"end":{"line":55,"column":null}},{"start":{},"end":{}}],"line":55},"16":{"loc":{"start":{"line":55,"column":8},"end":{"line":55,"column":40}},"type":"binary-expr","locations":[{"start":{"line":55,"column":8},"end":{"line":55,"column":15}},{"start":{"line":55,"column":19},"end":{"line":55,"column":40}}],"line":55}},"s":{"0":1,"1":37,"2":4,"3":33,"4":33,"5":6,"6":2,"7":4,"8":4,"9":9,"10":3,"11":6,"12":6,"13":9,"14":5,"15":4,"16":4,"17":9,"18":9,"19":9,"20":3,"21":6,"22":27,"23":27,"24":1,"25":26,"26":7,"27":19,"28":2,"29":17,"30":1,"31":1,"32":1,"33":1,"34":2,"35":2},"f":{"0":37,"1":9,"2":9,"3":9,"4":27,"5":1,"6":1,"7":2},"b":{"0":[4,33],"1":[27,6],"2":[1,26],"3":[2,4],"4":[1,3],"5":[3,6],"6":[1,5],"7":[5,4],"8":[1,3],"9":[9],"10":[3,6],"11":[9,4],"12":[1,26],"13":[7,19],"14":[26,21],"15":[2,17],"16":[19,10]},"meta":{"lastBranch":17,"lastFunction":8,"lastStatement":36,"seen":{"s:16:40:16:58":0,"f:20:16:20:22":0,"b:21:2:21:Infinity:undefined:undefined:undefined:undefined":0,"s:21:2:21:Infinity":1,"s:21:14:21:Infinity":2,"b:22:2:22:Infinity:undefined:undefined:undefined:undefined":1,"s:22:2:22:Infinity":3,"s:22:29:22:Infinity":4,"b:22:68:22:72:22:75:22:80":2,"b:23:2:23:Infinity:undefined:undefined:undefined:undefined":3,"s:23:2:23:Infinity":5,"s:23:42:23:Infinity":6,"s:24:17:24:32":7,"s:25:2:25:Infinity":8,"b:25:42:25:46:25:49:25:55":4,"f:29:9:29:19":1,"b:30:2:30:Infinity:undefined:undefined:undefined:undefined":5,"s:30:2:30:Infinity":9,"s:30:19:30:Infinity":10,"s:31:15:31:49":11,"s:32:2:32:Infinity":12,"b:32:40:32:44:32:47:32:51":6,"f:36:9:36:17":2,"b:37:2:37:Infinity:undefined:undefined:undefined:undefined":7,"s:37:2:37:Infinity":13,"s:37:19:37:Infinity":14,"s:38:15:38:53":15,"s:39:2:39:Infinity":16,"b:39:40:39:44:39:47:39:51":8,"f:45:16:45:35":3,"b:45:60:45:62":9,"s:46:20:46:36":17,"s:47:18:47:30":18,"b:49:2:49:Infinity:undefined:undefined:undefined:undefined":10,"s:49:2:49:Infinity":19,"b:49:6:49:16:49:20:49:28":11,"s:49:30:49:Infinity":20,"s:51:2:57:Infinity":21,"f:51:24:51:25":4,"s:52:24:52:48":22,"b:53:4:53:Infinity:undefined:undefined:undefined:undefined":12,"s:53:4:53:Infinity":23,"s:53:22:53:Infinity":24,"b:54:4:54:Infinity:undefined:undefined:undefined:undefined":13,"s:54:4:54:Infinity":25,"b:54:8:54:17:54:21:54:44":14,"s:54:46:54:Infinity":26,"b:55:4:55:Infinity:undefined:undefined:undefined:undefined":15,"s:55:4:55:Infinity":27,"b:55:8:55:15:55:19:55:40":16,"s:55:42:55:Infinity":28,"s:56:4:56:Infinity":29,"f:62:16:62:26":5,"s:63:2:66:Infinity":30,"f:70:22:70:34":6,"s:71:22:74:3":31,"s:75:19:75:46":32,"s:76:2:79:Infinity":33,"f:76:27:76:28":7,"s:77:17:77:32":34,"s:78:4:78:Infinity":35},"fnNames":{}}}
}
